<?xml version="1.0" encoding="utf-8"?>
<CoverageSession xmlns:xsd="http://www.w3.org/2001/XMLSchema" xmlns:xsi="http://www.w3.org/2001/XMLSchema-instance">
  <Summary numSequencePoints="1924" visitedSequencePoints="764" numBranchPoints="699" visitedBranchPoints="223" sequenceCoverage="39.71" branchCoverage="31.90" maxCyclomaticComplexity="42" minCyclomaticComplexity="0" visitedClasses="61" numClasses="103" visitedMethods="130" numMethods="338" />
  <Modules>
    <Module skippedDueTo="Filter" hash="C8-DC-B1-A0-92-04-D8-3B-74-8D-D6-AE-BA-6D-E4-33-08-A5-8F-3F">
      <ModulePath>C:\Program Files\dotnet\shared\Microsoft.NETCore.App\2.1.0-preview1-26216-03\System.Private.CoreLib.dll</ModulePath>
      <ModuleTime>2018-02-16T07:04:04Z</ModuleTime>
      <ModuleName>System.Private.CoreLib</ModuleName>
      <Classes />
    </Module>
    <Module skippedDueTo="MissingPdb" hash="8A-AD-6D-22-74-D2-DB-6B-F5-52-E9-7E-3F-D0-54-62-19-F6-FE-11">
      <ModulePath>C:\Program Files\dotnet\sdk\2.1.300-preview1-008174\dotnet.dll</ModulePath>
      <ModuleTime>2018-02-21T09:49:18Z</ModuleTime>
      <ModuleName>dotnet</ModuleName>
      <Classes />
    </Module>
    <Module skippedDueTo="Filter" hash="0B-F9-3C-3F-7D-F1-DA-E0-7E-47-D8-ED-02-38-E5-1D-5B-24-1F-F7">
      <ModulePath>C:\Program Files\dotnet\shared\Microsoft.NETCore.App\2.1.0-preview1-26216-03\System.Runtime.dll</ModulePath>
      <ModuleTime>2018-02-16T07:04:02Z</ModuleTime>
      <ModuleName>System.Runtime</ModuleName>
      <Classes />
    </Module>
    <Module skippedDueTo="MissingPdb" hash="2B-11-4F-35-FC-C0-FC-AB-C2-3D-9A-50-76-24-61-41-2D-AB-0E-B3">
      <ModulePath>C:\Program Files\dotnet\sdk\2.1.300-preview1-008174\Microsoft.DotNet.Cli.Utils.dll</ModulePath>
      <ModuleTime>2018-02-21T09:48:50Z</ModuleTime>
      <ModuleName>Microsoft.DotNet.Cli.Utils</ModuleName>
      <Classes />
    </Module>
    <Module skippedDueTo="Filter" hash="AF-83-FE-00-37-5B-C1-9C-E4-DE-54-E4-75-7E-6B-E2-C1-8C-C0-5D">
      <ModulePath>C:\Program Files\dotnet\shared\Microsoft.NETCore.App\2.1.0-preview1-26216-03\System.Runtime.Extensions.dll</ModulePath>
      <ModuleTime>2018-02-16T07:04:02Z</ModuleTime>
      <ModuleName>System.Runtime.Extensions</ModuleName>
      <Classes />
    </Module>
    <Module skippedDueTo="Filter" hash="B7-DC-13-9B-A9-C5-25-66-DF-8B-C9-65-7F-84-B6-9E-AF-6D-C0-04">
      <ModulePath>C:\Program Files\dotnet\shared\Microsoft.NETCore.App\2.1.0-preview1-26216-03\System.Runtime.Loader.dll</ModulePath>
      <ModuleTime>2018-02-16T07:04:02Z</ModuleTime>
      <ModuleName>System.Runtime.Loader</ModuleName>
      <Classes />
    </Module>
    <Module skippedDueTo="MissingPdb" hash="36-DC-EA-DC-98-86-CD-5A-43-89-FE-53-1B-E7-15-B8-0A-1A-14-A9">
      <ModulePath>C:\Program Files\dotnet\sdk\2.1.300-preview1-008174\Microsoft.DotNet.PlatformAbstractions.dll</ModulePath>
      <ModuleTime>2018-02-21T09:48:50Z</ModuleTime>
      <ModuleName>Microsoft.DotNet.PlatformAbstractions</ModuleName>
      <Classes />
    </Module>
    <Module skippedDueTo="Filter" hash="07-77-FA-E7-08-8E-3A-50-58-E2-B5-55-66-78-6F-58-48-ED-3A-79">
      <ModulePath>C:\Program Files\dotnet\shared\Microsoft.NETCore.App\2.1.0-preview1-26216-03\System.Runtime.InteropServices.RuntimeInformation.dll</ModulePath>
      <ModuleTime>2018-02-16T07:04:02Z</ModuleTime>
      <ModuleName>System.Runtime.InteropServices.RuntimeInformation</ModuleName>
      <Classes />
    </Module>
    <Module skippedDueTo="Filter" hash="4C-57-5A-E7-3E-69-4F-F9-51-AB-E6-10-83-CD-27-9B-FD-5F-44-9B">
      <ModulePath>C:\Program Files\dotnet\shared\Microsoft.NETCore.App\2.1.0-preview1-26216-03\System.Reflection.dll</ModulePath>
      <ModuleTime>2018-02-16T07:04:02Z</ModuleTime>
      <ModuleName>System.Reflection</ModuleName>
      <Classes />
    </Module>
    <Module skippedDueTo="Filter" hash="A2-20-B4-C7-A0-15-8A-B3-E7-A4-C0-36-09-F0-EE-4F-20-CB-CF-5D">
      <ModulePath>C:\Program Files\dotnet\shared\Microsoft.NETCore.App\2.1.0-preview1-26216-03\System.Reflection.Extensions.dll</ModulePath>
      <ModuleTime>2018-02-16T07:04:02Z</ModuleTime>
      <ModuleName>System.Reflection.Extensions</ModuleName>
      <Classes />
    </Module>
    <Module skippedDueTo="Filter" hash="B4-01-7E-47-58-26-1F-31-86-EC-27-0A-A4-04-01-4A-CA-DB-16-11">
      <ModulePath>C:\Program Files\dotnet\shared\Microsoft.NETCore.App\2.1.0-preview1-26216-03\System.Runtime.InteropServices.dll</ModulePath>
      <ModuleTime>2018-02-16T07:04:02Z</ModuleTime>
      <ModuleName>System.Runtime.InteropServices</ModuleName>
      <Classes />
    </Module>
    <Module skippedDueTo="Filter" hash="2A-A3-39-86-D9-A0-DE-E7-5E-DE-F6-DD-9C-B1-C0-A7-78-98-94-B8">
      <ModulePath>C:\Program Files\dotnet\shared\Microsoft.NETCore.App\2.1.0-preview1-26216-03\System.IO.FileSystem.dll</ModulePath>
      <ModuleTime>2018-02-16T07:03:58Z</ModuleTime>
      <ModuleName>System.IO.FileSystem</ModuleName>
      <Classes />
    </Module>
    <Module skippedDueTo="Filter" hash="04-27-84-D1-08-F6-4E-09-B5-75-F2-57-7E-D7-9F-36-C6-5F-D9-41">
      <ModulePath>C:\Program Files\dotnet\sdk\2.1.300-preview1-008174\runtimes\win\lib\netstandard1.3\System.Text.Encoding.CodePages.dll</ModulePath>
      <ModuleTime>2018-02-21T09:48:16Z</ModuleTime>
      <ModuleName>System.Text.Encoding.CodePages</ModuleName>
      <Classes />
    </Module>
    <Module skippedDueTo="Filter" hash="A3-0C-4F-93-3E-88-EB-F3-CE-E1-26-74-10-CF-0E-7E-96-A2-A1-A2">
      <ModulePath>C:\Program Files\dotnet\shared\Microsoft.NETCore.App\2.1.0-preview1-26216-03\System.Text.Encoding.dll</ModulePath>
      <ModuleTime>2018-02-16T07:04:02Z</ModuleTime>
      <ModuleName>System.Text.Encoding</ModuleName>
      <Classes />
    </Module>
    <Module skippedDueTo="Filter" hash="9A-11-CD-51-7F-11-04-82-F8-F3-B1-CE-9A-8C-9F-2A-DC-F7-B0-83">
      <ModulePath>C:\Program Files\dotnet\shared\Microsoft.NETCore.App\2.1.0-preview1-26216-03\System.Collections.dll</ModulePath>
      <ModuleTime>2018-02-16T07:03:58Z</ModuleTime>
      <ModuleName>System.Collections</ModuleName>
      <Classes />
    </Module>
    <Module skippedDueTo="Filter" hash="8C-07-7F-1A-41-C2-39-9E-58-D1-83-24-87-97-0B-5B-CA-C1-78-66">
      <ModulePath>C:\Program Files\dotnet\shared\Microsoft.NETCore.App\2.1.0-preview1-26216-03\System.Threading.dll</ModulePath>
      <ModuleTime>2018-02-16T07:04:04Z</ModuleTime>
      <ModuleName>System.Threading</ModuleName>
      <Classes />
    </Module>
    <Module skippedDueTo="Filter" hash="CC-BB-92-46-11-07-9C-0C-82-87-8F-53-84-D5-44-35-DC-10-D6-6B">
      <ModulePath>C:\Program Files\dotnet\shared\Microsoft.NETCore.App\2.1.0-preview1-26216-03\System.Collections.Concurrent.dll</ModulePath>
      <ModuleTime>2018-02-16T07:03:56Z</ModuleTime>
      <ModuleName>System.Collections.Concurrent</ModuleName>
      <Classes />
    </Module>
    <Module skippedDueTo="Filter" hash="69-DE-4A-DB-50-F3-D4-B0-37-C2-43-59-D2-00-7F-51-CF-F1-AC-4C">
      <ModulePath>C:\Program Files\dotnet\shared\Microsoft.NETCore.App\2.1.0-preview1-26216-03\System.Threading.Thread.dll</ModulePath>
      <ModuleTime>2018-02-16T07:04:04Z</ModuleTime>
      <ModuleName>System.Threading.Thread</ModuleName>
      <Classes />
    </Module>
    <Module skippedDueTo="MissingPdb" hash="88-55-6F-AA-6F-DD-01-5F-84-0D-56-30-19-3A-54-0E-EA-A5-BE-54">
      <ModulePath>C:\Program Files\dotnet\sdk\2.1.300-preview1-008174\Microsoft.DotNet.Configurer.dll</ModulePath>
      <ModuleTime>2018-02-21T09:48:50Z</ModuleTime>
      <ModuleName>Microsoft.DotNet.Configurer</ModuleName>
      <Classes />
    </Module>
    <Module skippedDueTo="MissingPdb" hash="D5-BB-F7-EB-96-88-4E-E2-D0-89-44-A8-56-AF-B1-8D-3A-EF-82-D4">
      <ModulePath>C:\Program Files\dotnet\sdk\2.1.300-preview1-008174\Microsoft.DotNet.Cli.CommandLine.dll</ModulePath>
      <ModuleTime>2018-02-21T09:48:50Z</ModuleTime>
      <ModuleName>Microsoft.DotNet.Cli.CommandLine</ModuleName>
      <Classes />
    </Module>
    <Module skippedDueTo="Filter" hash="2B-44-C4-B7-B3-75-39-F8-62-A3-F8-C0-42-72-2C-6C-27-31-4B-70">
      <ModulePath>C:\Program Files\dotnet\shared\Microsoft.NETCore.App\2.1.0-preview1-26216-03\System.Diagnostics.Process.dll</ModulePath>
      <ModuleTime>2018-02-16T07:03:58Z</ModuleTime>
      <ModuleName>System.Diagnostics.Process</ModuleName>
      <Classes />
    </Module>
    <Module skippedDueTo="Filter" hash="A5-BA-A2-62-B6-23-A8-5B-6B-A0-2B-C0-15-4B-65-59-AF-FF-A9-12">
      <ModulePath>C:\Program Files\dotnet\shared\Microsoft.NETCore.App\2.1.0-preview1-26216-03\System.Linq.dll</ModulePath>
      <ModuleTime>2018-02-16T07:04:00Z</ModuleTime>
      <ModuleName>System.Linq</ModuleName>
      <Classes />
    </Module>
    <Module skippedDueTo="MissingPdb" hash="DF-4D-A6-DC-9E-01-AF-EB-33-42-B4-82-B5-26-DA-71-F4-48-DD-43">
      <ModulePath>C:\Program Files\dotnet\sdk\2.1.300-preview1-008174\NuGet.Frameworks.dll</ModulePath>
      <ModuleTime>2018-02-21T09:48:40Z</ModuleTime>
      <ModuleName>NuGet.Frameworks</ModuleName>
      <Classes />
    </Module>
    <Module skippedDueTo="Filter" hash="FB-62-64-9B-AC-1E-07-FB-FD-22-8B-8F-2F-A5-56-77-C7-C6-7E-27">
      <ModulePath>C:\Program Files\dotnet\shared\Microsoft.NETCore.App\2.1.0-preview1-26216-03\System.Console.dll</ModulePath>
      <ModuleTime>2018-02-16T07:03:58Z</ModuleTime>
      <ModuleName>System.Console</ModuleName>
      <Classes />
    </Module>
    <Module skippedDueTo="MissingPdb" hash="0A-3E-77-20-D7-24-F6-A3-6D-76-16-46-CE-DD-00-D7-BF-AA-31-65">
      <ModulePath>C:\Program Files\dotnet\sdk\2.1.300-preview1-008174\Microsoft.DotNet.InternalAbstractions.dll</ModulePath>
      <ModuleTime>2018-02-21T09:48:50Z</ModuleTime>
      <ModuleName>Microsoft.DotNet.InternalAbstractions</ModuleName>
      <Classes />
    </Module>
    <Module skippedDueTo="Filter" hash="9B-C1-04-D3-DE-74-13-80-FA-8D-38-26-62-F9-DE-11-CF-1E-44-E4">
      <ModulePath>C:\Program Files\dotnet\shared\Microsoft.NETCore.App\2.1.0-preview1-26216-03\System.IO.FileSystem.Primitives.dll</ModulePath>
      <ModuleTime>2018-02-16T07:03:58Z</ModuleTime>
      <ModuleName>System.IO.FileSystem.Primitives</ModuleName>
      <Classes />
    </Module>
    <Module skippedDueTo="Filter" hash="29-19-17-01-2E-BD-26-F7-B8-C1-A0-33-1B-C5-9C-5A-35-19-A6-52">
      <ModulePath>C:\Program Files\dotnet\shared\Microsoft.NETCore.App\2.1.0-preview1-26216-03\System.AppContext.dll</ModulePath>
      <ModuleTime>2018-02-16T07:03:56Z</ModuleTime>
      <ModuleName>System.AppContext</ModuleName>
      <Classes />
    </Module>
    <Module skippedDueTo="Filter" hash="FB-D6-44-57-30-E3-72-BB-F9-E5-87-D1-48-FF-D4-27-2C-1C-C2-01">
      <ModulePath>C:\Program Files\dotnet\shared\Microsoft.NETCore.App\2.1.0-preview1-26216-03\System.IO.dll</ModulePath>
      <ModuleTime>2018-02-16T07:03:58Z</ModuleTime>
      <ModuleName>System.IO</ModuleName>
      <Classes />
    </Module>
    <Module skippedDueTo="Filter" hash="C6-A9-1A-DD-90-FC-1A-55-97-2A-C9-37-22-4C-7F-51-51-DE-CE-6F">
      <ModulePath>C:\Program Files\dotnet\shared\Microsoft.NETCore.App\2.1.0-preview1-26216-03\System.Text.Encoding.Extensions.dll</ModulePath>
      <ModuleTime>2018-02-16T07:04:02Z</ModuleTime>
      <ModuleName>System.Text.Encoding.Extensions</ModuleName>
      <Classes />
    </Module>
    <Module skippedDueTo="Filter" hash="44-47-54-D8-8C-B8-6D-3B-E1-16-4F-D1-F4-7F-08-4C-F5-9B-D2-C3">
      <ModulePath>C:\Program Files\dotnet\shared\Microsoft.NETCore.App\2.1.0-preview1-26216-03\System.Runtime.Handles.dll</ModulePath>
      <ModuleTime>2018-02-16T07:04:02Z</ModuleTime>
      <ModuleName>System.Runtime.Handles</ModuleName>
      <Classes />
    </Module>
    <Module skippedDueTo="MissingPdb" hash="07-EF-BC-1B-CD-FD-48-29-C6-01-92-C3-70-A5-33-F8-6F-EF-E6-75">
      <ModulePath>C:\Program Files\dotnet\sdk\2.1.300-preview1-008174\Microsoft.ApplicationInsights.dll</ModulePath>
      <ModuleTime>2018-02-21T09:48:50Z</ModuleTime>
      <ModuleName>Microsoft.ApplicationInsights</ModuleName>
      <Classes />
    </Module>
    <Module skippedDueTo="Filter" hash="56-2A-7E-86-50-61-7D-BE-5F-6A-FD-F8-13-FB-C8-B7-94-24-A4-A0">
      <ModulePath>C:\Program Files\dotnet\shared\Microsoft.NETCore.App\2.1.0-preview1-26216-03\System.Xml.XDocument.dll</ModulePath>
      <ModuleTime>2018-02-16T07:04:04Z</ModuleTime>
      <ModuleName>System.Xml.XDocument</ModuleName>
      <Classes />
    </Module>
    <Module skippedDueTo="Filter" hash="F1-1F-6C-03-E6-3E-4C-8D-31-7C-F8-4D-89-8B-38-65-65-56-04-86">
      <ModulePath>C:\Program Files\dotnet\shared\Microsoft.NETCore.App\2.1.0-preview1-26216-03\System.Private.Xml.Linq.dll</ModulePath>
      <ModuleTime>2018-02-16T07:04:00Z</ModuleTime>
      <ModuleName>System.Private.Xml.Linq</ModuleName>
      <Classes />
    </Module>
    <Module skippedDueTo="Filter" hash="8E-BD-D2-AF-99-3A-6C-51-E5-B6-A6-4B-31-7E-05-FC-65-4F-DF-D2">
      <ModulePath>C:\Program Files\dotnet\shared\Microsoft.NETCore.App\2.1.0-preview1-26216-03\System.Security.Cryptography.Algorithms.dll</ModulePath>
      <ModuleTime>2018-02-16T07:04:02Z</ModuleTime>
      <ModuleName>System.Security.Cryptography.Algorithms</ModuleName>
      <Classes />
    </Module>
    <Module skippedDueTo="Filter" hash="C4-17-2D-DA-73-7F-5B-81-94-4B-D2-7B-91-CF-EC-38-32-C4-68-BF">
      <ModulePath>C:\Program Files\dotnet\shared\Microsoft.NETCore.App\2.1.0-preview1-26216-03\System.Security.Cryptography.Primitives.dll</ModulePath>
      <ModuleTime>2018-02-16T07:04:02Z</ModuleTime>
      <ModuleName>System.Security.Cryptography.Primitives</ModuleName>
      <Classes />
    </Module>
    <Module skippedDueTo="Filter" hash="46-EF-DF-4A-AD-DF-CA-1C-94-26-30-ED-D2-A2-96-18-1B-DA-77-F9">
      <ModulePath>C:\Program Files\dotnet\shared\Microsoft.NETCore.App\2.1.0-preview1-26216-03\System.Memory.dll</ModulePath>
      <ModuleTime>2018-02-16T07:04:00Z</ModuleTime>
      <ModuleName>System.Memory</ModuleName>
      <Classes />
    </Module>
    <Module skippedDueTo="Filter" hash="05-1F-A9-29-D1-EB-C9-98-6C-A9-CE-9B-DF-FF-E9-5F-50-FC-22-30">
      <ModulePath>C:\Program Files\dotnet\shared\Microsoft.NETCore.App\2.1.0-preview1-26216-03\System.Private.Xml.dll</ModulePath>
      <ModuleTime>2018-02-16T07:04:00Z</ModuleTime>
      <ModuleName>System.Private.Xml</ModuleName>
      <Classes />
    </Module>
    <Module skippedDueTo="Filter" hash="EC-63-D4-1B-FB-8B-B2-F9-23-E8-02-FD-7D-45-6C-5B-AA-3B-C7-E6">
      <ModulePath>C:\Program Files\dotnet\shared\Microsoft.NETCore.App\2.1.0-preview1-26216-03\System.Text.RegularExpressions.dll</ModulePath>
      <ModuleTime>2018-02-16T07:04:02Z</ModuleTime>
      <ModuleName>System.Text.RegularExpressions</ModuleName>
      <Classes />
    </Module>
    <Module skippedDueTo="Filter" hash="3A-97-71-DF-D3-27-02-A4-E9-96-64-67-28-54-23-7A-B8-A2-C3-61">
      <ModulePath>C:\Program Files\dotnet\shared\Microsoft.NETCore.App\2.1.0-preview1-26216-03\System.Xml.ReaderWriter.dll</ModulePath>
      <ModuleTime>2018-02-16T07:04:04Z</ModuleTime>
      <ModuleName>System.Xml.ReaderWriter</ModuleName>
      <Classes />
    </Module>
    <Module skippedDueTo="Filter" hash="D7-FC-98-CD-20-C1-AC-68-B6-E5-B4-99-0F-55-51-32-57-B6-1B-6C">
      <ModulePath>C:\Program Files\dotnet\shared\Microsoft.NETCore.App\2.1.0-preview1-26216-03\System.Diagnostics.Tracing.dll</ModulePath>
      <ModuleTime>2018-02-16T07:03:58Z</ModuleTime>
      <ModuleName>System.Diagnostics.Tracing</ModuleName>
      <Classes />
    </Module>
    <Module skippedDueTo="Filter" hash="B1-A5-51-B2-4A-29-C7-E2-52-4B-82-59-04-7B-A8-0F-C8-71-5E-C8">
      <ModulePath>C:\Program Files\dotnet\shared\Microsoft.NETCore.App\2.1.0-preview1-26216-03\System.Private.Uri.dll</ModulePath>
      <ModuleTime>2018-02-16T07:04:00Z</ModuleTime>
      <ModuleName>System.Private.Uri</ModuleName>
      <Classes />
    </Module>
    <Module skippedDueTo="Filter" hash="56-9F-C9-60-68-87-CE-48-E3-E5-D5-0B-DD-FD-14-8B-89-FE-8C-3D">
      <ModulePath>C:\Program Files\dotnet\shared\Microsoft.NETCore.App\2.1.0-preview1-26216-03\System.Threading.Tasks.dll</ModulePath>
      <ModuleTime>2018-02-16T07:04:04Z</ModuleTime>
      <ModuleName>System.Threading.Tasks</ModuleName>
      <Classes />
    </Module>
    <Module skippedDueTo="Filter" hash="10-BE-46-98-31-8C-4A-2C-33-5E-82-62-C5-E8-14-54-BA-2F-95-3A">
      <ModulePath>C:\Program Files\dotnet\shared\Microsoft.NETCore.App\2.1.0-preview1-26216-03\System.Globalization.dll</ModulePath>
      <ModuleTime>2018-02-16T07:03:58Z</ModuleTime>
      <ModuleName>System.Globalization</ModuleName>
      <Classes />
    </Module>
    <Module skippedDueTo="Filter" hash="9B-F0-A2-C9-B7-5D-D0-38-6A-EA-6D-4D-55-C4-35-29-35-7D-B4-4D">
      <ModulePath>C:\Program Files\dotnet\shared\Microsoft.NETCore.App\2.1.0-preview1-26216-03\System.Reflection.Emit.ILGeneration.dll</ModulePath>
      <ModuleTime>2018-02-16T07:04:02Z</ModuleTime>
      <ModuleName>System.Reflection.Emit.ILGeneration</ModuleName>
      <Classes />
    </Module>
    <Module skippedDueTo="Filter" hash="2B-0A-1F-E2-1C-81-52-0F-F9-AE-3C-08-CD-82-B7-6A-D2-2C-97-33">
      <ModulePath>C:\Program Files\dotnet\shared\Microsoft.NETCore.App\2.1.0-preview1-26216-03\System.Reflection.Emit.Lightweight.dll</ModulePath>
      <ModuleTime>2018-02-16T07:04:02Z</ModuleTime>
      <ModuleName>System.Reflection.Emit.Lightweight</ModuleName>
      <Classes />
    </Module>
    <Module skippedDueTo="Filter" hash="C0-7F-B6-7F-55-8B-FB-29-27-57-45-E9-2F-66-69-0B-9C-E7-E6-88">
      <ModulePath>C:\Program Files\dotnet\shared\Microsoft.NETCore.App\2.1.0-preview1-26216-03\System.Reflection.Primitives.dll</ModulePath>
      <ModuleTime>2018-02-16T07:04:02Z</ModuleTime>
      <ModuleName>System.Reflection.Primitives</ModuleName>
      <Classes />
    </Module>
    <Module skippedDueTo="Filter" hash="DE-06-C6-E0-58-FD-76-62-4E-48-00-FD-B8-C4-BB-9A-8E-0F-9A-04">
      <ModulePath>C:\Program Files\dotnet\shared\Microsoft.NETCore.App\2.1.0-preview1-26216-03\System.Resources.ResourceManager.dll</ModulePath>
      <ModuleTime>2018-02-16T07:04:02Z</ModuleTime>
      <ModuleName>System.Resources.ResourceManager</ModuleName>
      <Classes />
    </Module>
    <Module skippedDueTo="Filter" hash="FA-AE-8E-6E-BD-09-42-10-E4-07-32-3D-31-40-28-0F-27-32-75-B2">
      <ModulePath>C:\Program Files\dotnet\shared\Microsoft.NETCore.App\2.1.0-preview1-26216-03\System.Diagnostics.Tools.dll</ModulePath>
      <ModuleTime>2018-02-16T07:03:58Z</ModuleTime>
      <ModuleName>System.Diagnostics.Tools</ModuleName>
      <Classes />
    </Module>
    <Module skippedDueTo="Filter" hash="0F-D1-9F-CE-6A-BF-08-90-31-C8-87-45-5D-F6-90-29-6E-16-50-64">
      <ModulePath>C:\Program Files\dotnet\shared\Microsoft.NETCore.App\2.1.0-preview1-26216-03\System.Diagnostics.Debug.dll</ModulePath>
      <ModuleTime>2018-02-16T07:03:58Z</ModuleTime>
      <ModuleName>System.Diagnostics.Debug</ModuleName>
      <Classes />
    </Module>
    <Module skippedDueTo="Filter" hash="06-40-19-12-14-9E-91-E0-17-F3-97-94-09-B7-67-82-95-C9-39-94">
      <ModulePath>C:\Program Files\dotnet\shared\Microsoft.NETCore.App\2.1.0-preview1-26216-03\System.IO.Compression.dll</ModulePath>
      <ModuleTime>2018-02-16T07:03:58Z</ModuleTime>
      <ModuleName>System.IO.Compression</ModuleName>
      <Classes />
    </Module>
    <Module skippedDueTo="Filter" hash="66-CC-AC-8D-C8-1E-4B-F5-5C-6E-F7-0D-6A-A5-04-10-9B-54-8F-E3">
      <ModulePath>C:\Program Files\dotnet\shared\Microsoft.NETCore.App\2.1.0-preview1-26216-03\System.Buffers.dll</ModulePath>
      <ModuleTime>2018-02-16T07:03:56Z</ModuleTime>
      <ModuleName>System.Buffers</ModuleName>
      <Classes />
    </Module>
    <Module skippedDueTo="Filter" hash="34-47-55-9B-65-CB-8B-A1-46-BF-A2-3D-A9-60-32-AE-1A-CB-78-62">
      <ModulePath>C:\Program Files\dotnet\shared\Microsoft.NETCore.App\2.1.0-preview1-26216-03\System.Net.Http.dll</ModulePath>
      <ModuleTime>2018-02-16T07:04:00Z</ModuleTime>
      <ModuleName>System.Net.Http</ModuleName>
      <Classes />
    </Module>
    <Module skippedDueTo="Filter" hash="92-25-D4-6D-6D-ED-8E-4E-23-22-87-94-EC-E0-D6-88-4C-E9-81-F3">
      <ModulePath>C:\Program Files\dotnet\shared\Microsoft.NETCore.App\2.1.0-preview1-26216-03\System.Net.Primitives.dll</ModulePath>
      <ModuleTime>2018-02-16T07:04:00Z</ModuleTime>
      <ModuleName>System.Net.Primitives</ModuleName>
      <Classes />
    </Module>
    <Module skippedDueTo="Filter" hash="E7-69-6B-EA-7B-E8-DD-E4-3B-92-7A-36-B3-B7-D2-22-96-38-E3-65">
      <ModulePath>C:\Program Files\dotnet\shared\Microsoft.NETCore.App\2.1.0-preview1-26216-03\System.Security.Cryptography.X509Certificates.dll</ModulePath>
      <ModuleTime>2018-02-16T07:04:02Z</ModuleTime>
      <ModuleName>System.Security.Cryptography.X509Certificates</ModuleName>
      <Classes />
    </Module>
    <Module skippedDueTo="MissingPdb" hash="33-96-49-68-9E-21-24-B4-FE-42-B7-95-7E-BD-93-A8-A4-1A-79-9C">
      <ModulePath>C:\Program Files\dotnet\shared\Microsoft.NETCore.App\2.1.0-preview1-26216-03\Microsoft.Win32.Primitives.dll</ModulePath>
      <ModuleTime>2018-02-16T07:03:56Z</ModuleTime>
      <ModuleName>Microsoft.Win32.Primitives</ModuleName>
      <Classes />
    </Module>
    <Module skippedDueTo="MissingPdb" hash="7F-20-5B-F4-E9-B4-D5-99-87-18-F2-3C-24-2A-7E-10-80-15-D4-83">
      <ModulePath>C:\Program Files\dotnet\sdk\2.1.300-preview1-008174\Microsoft.Build.Framework.dll</ModulePath>
      <ModuleTime>2018-02-21T09:48:50Z</ModuleTime>
      <ModuleName>Microsoft.Build.Framework</ModuleName>
      <Classes />
    </Module>
    <Module skippedDueTo="Filter" hash="C4-FE-49-4C-E7-42-30-A8-D8-C2-13-E2-D2-94-8E-8B-B4-B1-A3-07">
      <ModulePath>C:\Program Files\dotnet\shared\Microsoft.NETCore.App\2.1.0-preview1-26216-03\System.Reflection.TypeExtensions.dll</ModulePath>
      <ModuleTime>2018-02-16T07:04:02Z</ModuleTime>
      <ModuleName>System.Reflection.TypeExtensions</ModuleName>
      <Classes />
    </Module>
    <Module skippedDueTo="Filter" hash="34-34-FE-50-3E-8B-8C-6E-B5-F5-05-39-8D-2B-95-5A-83-0C-A1-87">
      <ModulePath>C:\Program Files\dotnet\shared\Microsoft.NETCore.App\2.1.0-preview1-26216-03\System.ComponentModel.Primitives.dll</ModulePath>
      <ModuleTime>2018-02-16T07:03:58Z</ModuleTime>
      <ModuleName>System.ComponentModel.Primitives</ModuleName>
      <Classes />
    </Module>
    <Module skippedDueTo="Filter" hash="2D-82-E9-61-13-AC-8D-8E-4E-4A-07-3E-08-59-B2-D6-1D-F1-E1-82">
      <ModulePath>C:\Program Files\dotnet\shared\Microsoft.NETCore.App\2.1.0-preview1-26216-03\System.Diagnostics.DiagnosticSource.dll</ModulePath>
      <ModuleTime>2018-02-16T07:03:58Z</ModuleTime>
      <ModuleName>System.Diagnostics.DiagnosticSource</ModuleName>
      <Classes />
    </Module>
    <Module skippedDueTo="Filter" hash="96-8D-3C-8F-59-B3-4F-DC-E6-A5-CE-B6-E4-5C-37-E5-6C-DC-32-74">
      <ModulePath>C:\Program Files\dotnet\shared\Microsoft.NETCore.App\2.1.0-preview1-26216-03\System.Collections.NonGeneric.dll</ModulePath>
      <ModuleTime>2018-02-16T07:03:56Z</ModuleTime>
      <ModuleName>System.Collections.NonGeneric</ModuleName>
      <Classes />
    </Module>
    <Module skippedDueTo="MissingPdb" hash="95-03-AA-30-C7-4B-76-4F-17-C4-65-A3-C4-0D-BD-16-07-A8-0E-DE">
      <ModulePath>C:\Program Files\dotnet\sdk\2.1.300-preview1-008174\MSBuild.dll</ModulePath>
      <ModuleTime>2018-02-21T09:48:22Z</ModuleTime>
      <ModuleName>MSBuild</ModuleName>
      <Classes />
    </Module>
    <Module skippedDueTo="MissingPdb" hash="3E-6F-08-84-D6-9E-B2-F6-77-E3-BC-43-72-85-8A-1A-B0-DA-B7-13">
      <ModulePath>C:\Program Files\dotnet\sdk\2.1.300-preview1-008174\Microsoft.Build.dll</ModulePath>
      <ModuleTime>2018-02-21T09:48:50Z</ModuleTime>
      <ModuleName>Microsoft.Build</ModuleName>
      <Classes />
    </Module>
    <Module skippedDueTo="MissingPdb" hash="2F-C1-07-7E-18-17-56-AB-58-EA-A0-41-03-EE-A0-D6-0B-1A-C6-05">
      <ModulePath>C:\Program Files\dotnet\sdk\2.1.300-preview1-008174\Microsoft.DotNet.Tools.MigrateCommand.dll</ModulePath>
      <ModuleTime>2018-02-21T09:48:50Z</ModuleTime>
      <ModuleName>Microsoft.DotNet.Tools.MigrateCommand</ModuleName>
      <Classes />
    </Module>
    <Module skippedDueTo="Filter" hash="A9-21-9D-9F-22-09-35-B0-1C-7C-BC-2B-09-1D-A9-4D-B8-56-93-5C">
      <ModulePath>C:\Program Files\dotnet\shared\Microsoft.NETCore.App\2.1.0-preview1-26216-03\System.Threading.Tasks.Dataflow.dll</ModulePath>
      <ModuleTime>2018-02-16T07:04:02Z</ModuleTime>
      <ModuleName>System.Threading.Tasks.Dataflow</ModuleName>
      <Classes />
    </Module>
    <Module skippedDueTo="MissingPdb" hash="16-B2-D6-64-F0-D8-8E-31-A0-EF-D6-D9-FB-5F-9D-B4-A7-54-75-6B">
      <ModulePath>C:\Program Files\dotnet\shared\Microsoft.NETCore.App\2.1.0-preview1-26216-03\netstandard.dll</ModulePath>
      <ModuleTime>2018-02-16T07:04:04Z</ModuleTime>
      <ModuleName>netstandard</ModuleName>
      <Classes />
    </Module>
    <Module skippedDueTo="Filter" hash="B5-50-37-00-F4-86-8A-B5-0D-FD-4E-B1-D1-5E-1F-F4-15-25-D8-7F">
      <ModulePath>C:\Program Files\dotnet\shared\Microsoft.NETCore.App\2.1.0-preview1-26216-03\System.ObjectModel.dll</ModulePath>
      <ModuleTime>2018-02-16T07:04:00Z</ModuleTime>
      <ModuleName>System.ObjectModel</ModuleName>
      <Classes />
    </Module>
    <Module skippedDueTo="Filter" hash="A4-12-4C-EF-73-06-3E-6C-D4-E7-E1-7C-EA-6E-4A-3E-DC-FD-62-44">
      <ModulePath>C:\Program Files\dotnet\shared\Microsoft.NETCore.App\2.1.0-preview1-26216-03\System.Xml.XmlDocument.dll</ModulePath>
      <ModuleTime>2018-02-16T07:04:04Z</ModuleTime>
      <ModuleName>System.Xml.XmlDocument</ModuleName>
      <Classes />
    </Module>
    <Module skippedDueTo="Filter" hash="58-DE-E8-39-4E-8F-A2-5D-17-0E-89-05-A7-75-7D-99-EB-19-88-C8">
      <ModulePath>C:\Program Files\dotnet\shared\Microsoft.NETCore.App\2.1.0-preview1-26216-03\System.Diagnostics.TraceSource.dll</ModulePath>
      <ModuleTime>2018-02-16T07:03:58Z</ModuleTime>
      <ModuleName>System.Diagnostics.TraceSource</ModuleName>
      <Classes />
    </Module>
    <Module skippedDueTo="MissingPdb" hash="A5-76-19-6D-8F-16-16-0E-50-34-F0-85-E9-17-48-A7-65-EB-D1-0B">
      <ModulePath>C:\Program Files\dotnet\sdk\2.1.300-preview1-008174\SdkResolvers\NuGet.MSBuildSdkResolver\NuGet.MSBuildSdkResolver.dll</ModulePath>
      <ModuleTime>2018-02-21T09:48:40Z</ModuleTime>
      <ModuleName>NuGet.MSBuildSdkResolver</ModuleName>
      <Classes />
    </Module>
    <Module skippedDueTo="Filter" hash="F4-A8-20-E4-5A-70-F9-E6-CD-E0-8A-AF-A2-77-61-0F-BF-68-D8-8F">
      <ModulePath>C:\Program Files\dotnet\shared\Microsoft.NETCore.App\2.1.0-preview1-26216-03\System.Diagnostics.FileVersionInfo.dll</ModulePath>
      <ModuleTime>2018-02-16T07:03:58Z</ModuleTime>
      <ModuleName>System.Diagnostics.FileVersionInfo</ModuleName>
      <Classes />
    </Module>
    <Module skippedDueTo="Filter" hash="3F-72-37-69-3D-18-73-1B-8A-BF-E3-53-F5-CE-EF-1C-C4-62-3C-D7">
      <ModulePath>C:\Program Files\dotnet\shared\Microsoft.NETCore.App\2.1.0-preview1-26216-03\System.Collections.Immutable.dll</ModulePath>
      <ModuleTime>2018-02-16T07:03:56Z</ModuleTime>
      <ModuleName>System.Collections.Immutable</ModuleName>
      <Classes />
    </Module>
    <Module skippedDueTo="Filter" hash="42-B7-05-08-90-83-FE-B7-77-04-35-FF-39-30-0B-B5-54-32-B6-CF">
      <ModulePath>C:\Program Files\dotnet\shared\Microsoft.NETCore.App\2.1.0-preview1-26216-03\System.Threading.Tasks.Parallel.dll</ModulePath>
      <ModuleTime>2018-02-16T07:04:02Z</ModuleTime>
      <ModuleName>System.Threading.Tasks.Parallel</ModuleName>
      <Classes />
    </Module>
    <Module skippedDueTo="MissingPdb" hash="69-41-0D-86-B8-51-BC-37-FD-63-29-EA-91-2F-D4-A7-66-F7-40-9E">
      <ModulePath>C:\Program Files\dotnet\sdk\2.1.300-preview1-008174\Microsoft.Build.Utilities.Core.dll</ModulePath>
      <ModuleTime>2018-02-21T09:48:50Z</ModuleTime>
      <ModuleName>Microsoft.Build.Utilities.Core</ModuleName>
      <Classes />
    </Module>
    <Module skippedDueTo="MissingPdb" hash="47-35-E3-22-18-58-EB-B6-B5-D0-89-37-B2-5C-D2-25-3F-16-1E-77">
      <ModulePath>C:\Program Files\dotnet\sdk\2.1.300-preview1-008174\Microsoft.Build.Tasks.Core.dll</ModulePath>
      <ModuleTime>2018-02-21T09:48:50Z</ModuleTime>
      <ModuleName>Microsoft.Build.Tasks.Core</ModuleName>
      <Classes />
    </Module>
    <Module skippedDueTo="Filter" hash="C9-BB-55-E5-5D-20-B1-46-1C-4D-36-A7-F4-6B-C6-CC-24-E5-AA-7F">
      <ModulePath>C:\Program Files\dotnet\shared\Microsoft.NETCore.App\2.1.0-preview1-26216-03\System.Threading.ThreadPool.dll</ModulePath>
      <ModuleTime>2018-02-16T07:04:04Z</ModuleTime>
      <ModuleName>System.Threading.ThreadPool</ModuleName>
      <Classes />
    </Module>
    <Module skippedDueTo="MissingPdb" hash="2D-8D-5D-FF-19-51-CC-3D-F1-D8-4D-29-46-BE-1E-34-60-D7-58-41">
      <ModulePath>C:\Program Files\dotnet\sdk\2.1.300-preview1-008174\NuGet.Build.Tasks.dll</ModulePath>
      <ModuleTime>2018-02-21T09:48:40Z</ModuleTime>
      <ModuleName>NuGet.Build.Tasks</ModuleName>
      <Classes />
    </Module>
    <Module skippedDueTo="MissingPdb" hash="C1-3C-A1-44-3C-82-24-07-58-DC-F2-6D-25-63-AA-66-35-8D-0E-68">
      <ModulePath>C:\Program Files\dotnet\sdk\2.1.300-preview1-008174\NuGet.Commands.dll</ModulePath>
      <ModuleTime>2018-02-21T09:48:40Z</ModuleTime>
      <ModuleName>NuGet.Commands</ModuleName>
      <Classes />
    </Module>
    <Module skippedDueTo="MissingPdb" hash="66-FC-3C-3A-2E-09-3F-FD-00-E4-63-0B-65-80-03-99-B2-8B-86-5A">
      <ModulePath>C:\Program Files\dotnet\sdk\2.1.300-preview1-008174\NuGet.Common.dll</ModulePath>
      <ModuleTime>2018-02-21T09:48:40Z</ModuleTime>
      <ModuleName>NuGet.Common</ModuleName>
      <Classes />
    </Module>
    <Module skippedDueTo="MissingPdb" hash="25-95-60-71-10-DD-C7-01-AE-56-23-CC-D4-32-17-62-B0-46-0B-60">
      <ModulePath>C:\Program Files\dotnet\sdk\2.1.300-preview1-008174\Sdks\Microsoft.NET.Sdk\build\..\tools\netcoreapp2.0/Microsoft.NET.Build.Tasks.dll</ModulePath>
      <ModuleTime>2018-02-21T09:48:42Z</ModuleTime>
      <ModuleName>Microsoft.NET.Build.Tasks</ModuleName>
      <Classes />
    </Module>
    <Module skippedDueTo="MissingPdb" hash="46-FB-D4-A8-04-7D-2C-8F-27-9D-26-C0-FC-72-A2-C7-13-8C-49-6D">
      <ModulePath>C:\Program Files\dotnet\sdk\2.1.300-preview1-008174\NuGet.Configuration.dll</ModulePath>
      <ModuleTime>2018-02-21T09:48:40Z</ModuleTime>
      <ModuleName>NuGet.Configuration</ModuleName>
      <Classes />
    </Module>
    <Module skippedDueTo="MissingPdb" hash="53-16-69-EF-0C-5F-82-F6-36-C8-F7-F9-ED-E0-90-42-34-5D-88-3A">
      <ModulePath>C:\Program Files\dotnet\sdk\2.1.300-preview1-008174\NuGet.ProjectModel.dll</ModulePath>
      <ModuleTime>2018-02-21T09:48:40Z</ModuleTime>
      <ModuleName>NuGet.ProjectModel</ModuleName>
      <Classes />
    </Module>
    <Module skippedDueTo="MissingPdb" hash="A0-9F-FF-F7-B7-C7-E0-AE-8F-62-56-83-65-0D-9D-2D-23-A1-31-C9">
      <ModulePath>C:\Program Files\dotnet\sdk\2.1.300-preview1-008174\NuGet.Versioning.dll</ModulePath>
      <ModuleTime>2018-02-21T09:48:40Z</ModuleTime>
      <ModuleName>NuGet.Versioning</ModuleName>
      <Classes />
    </Module>
    <Module skippedDueTo="MissingPdb" hash="0B-8A-A0-34-3E-29-DC-F8-74-C4-F7-06-36-B9-07-51-35-B4-CD-CD">
      <ModulePath>C:\Program Files\dotnet\sdk\2.1.300-preview1-008174\NuGet.Protocol.dll</ModulePath>
      <ModuleTime>2018-02-21T09:48:40Z</ModuleTime>
      <ModuleName>NuGet.Protocol</ModuleName>
      <Classes />
    </Module>
    <Module skippedDueTo="MissingPdb" hash="6C-3D-44-42-98-2C-B0-FD-51-DC-8B-E3-EE-C2-A8-A0-D4-59-0B-1A">
      <ModulePath>C:\Program Files\dotnet\sdk\2.1.300-preview1-008174\NuGet.Packaging.dll</ModulePath>
      <ModuleTime>2018-02-21T09:48:40Z</ModuleTime>
      <ModuleName>NuGet.Packaging</ModuleName>
      <Classes />
    </Module>
    <Module skippedDueTo="MissingPdb" hash="36-14-8E-FA-CF-F3-95-52-B9-55-3E-18-31-55-9D-B5-19-BF-4F-E5">
      <ModulePath>C:\Program Files\dotnet\sdk\2.1.300-preview1-008174\NuGet.DependencyResolver.Core.dll</ModulePath>
      <ModuleTime>2018-02-21T09:48:40Z</ModuleTime>
      <ModuleName>NuGet.DependencyResolver.Core</ModuleName>
      <Classes />
    </Module>
    <Module skippedDueTo="MissingPdb" hash="CF-97-C8-04-14-F3-56-06-10-CF-40-3A-75-94-24-D0-20-FB-B6-58">
      <ModulePath>C:\Program Files\dotnet\sdk\2.1.300-preview1-008174\NuGet.Packaging.Core.dll</ModulePath>
      <ModuleTime>2018-02-21T09:48:40Z</ModuleTime>
      <ModuleName>NuGet.Packaging.Core</ModuleName>
      <Classes />
    </Module>
    <Module skippedDueTo="MissingPdb" hash="4D-AF-55-49-44-BA-55-E4-F9-40-9C-93-47-18-5D-29-92-16-08-AE">
      <ModulePath>C:\Program Files\dotnet\sdk\2.1.300-preview1-008174\Newtonsoft.Json.dll</ModulePath>
      <ModuleTime>2018-02-21T09:49:18Z</ModuleTime>
      <ModuleName>Newtonsoft.Json</ModuleName>
      <Classes />
    </Module>
    <Module skippedDueTo="Filter" hash="AA-EF-F2-23-2A-52-7A-70-2C-10-BE-F4-87-BC-C5-E2-25-90-30-D6">
      <ModulePath>C:\Program Files\dotnet\shared\Microsoft.NETCore.App\2.1.0-preview1-26216-03\System.Dynamic.Runtime.dll</ModulePath>
      <ModuleTime>2018-02-16T07:03:58Z</ModuleTime>
      <ModuleName>System.Dynamic.Runtime</ModuleName>
      <Classes />
    </Module>
    <Module skippedDueTo="Filter" hash="7C-29-00-E7-A6-CF-28-28-89-B2-B9-67-0F-0D-3D-64-60-45-BC-15">
      <ModulePath>C:\Program Files\dotnet\shared\Microsoft.NETCore.App\2.1.0-preview1-26216-03\System.Linq.Expressions.dll</ModulePath>
      <ModuleTime>2018-02-16T07:03:58Z</ModuleTime>
      <ModuleName>System.Linq.Expressions</ModuleName>
      <Classes />
    </Module>
    <Module skippedDueTo="MissingPdb" hash="EB-8E-D9-D9-8B-1C-17-34-1B-A8-43-FA-D5-D0-F0-8E-93-58-6F-3F">
      <ModulePath>C:\Program Files\dotnet\sdk\2.1.300-preview1-008174\NuGet.LibraryModel.dll</ModulePath>
      <ModuleTime>2018-02-21T09:48:40Z</ModuleTime>
      <ModuleName>NuGet.LibraryModel</ModuleName>
      <Classes />
    </Module>
    <Module skippedDueTo="Filter" hash="7C-2A-E9-7A-47-23-CC-A4-FF-B7-30-14-D0-6D-D2-0E-69-59-35-8D">
      <ModulePath>C:\Program Files\dotnet\shared\Microsoft.NETCore.App\2.1.0-preview1-26216-03\System.Runtime.Serialization.Primitives.dll</ModulePath>
      <ModuleTime>2018-02-16T07:04:02Z</ModuleTime>
      <ModuleName>System.Runtime.Serialization.Primitives</ModuleName>
      <Classes />
    </Module>
    <Module skippedDueTo="MissingPdb" hash="D1-E1-AD-70-F3-3E-50-30-98-A3-56-55-CB-47-D1-E4-C0-19-84-B8">
      <ModulePath>C:\Program Files\dotnet\sdk\2.1.300-preview1-008174\Microsoft.TestPlatform.Build.dll</ModulePath>
      <ModuleTime>2018-02-21T09:48:50Z</ModuleTime>
      <ModuleName>Microsoft.TestPlatform.Build</ModuleName>
      <Classes />
    </Module>
    <Module skippedDueTo="Filter" hash="F0-D3-20-13-83-2C-D2-A0-E4-41-B7-0B-38-94-9B-A8-C1-BA-B2-D5">
      <ModulePath>C:\Program Files\dotnet\shared\Microsoft.NETCore.App\2.1.0-preview1-26216-03\System.Reflection.Metadata.dll</ModulePath>
      <ModuleTime>2018-02-16T07:04:02Z</ModuleTime>
      <ModuleName>System.Reflection.Metadata</ModuleName>
      <Classes />
    </Module>
    <Module skippedDueTo="Filter" hash="0F-F4-57-08-E1-FF-61-3B-4E-45-9C-F9-23-3B-A2-28-62-C4-13-01">
      <ModulePath>C:\Program Files\dotnet\shared\Microsoft.NETCore.App\2.1.0-preview1-26216-03\System.IO.MemoryMappedFiles.dll</ModulePath>
      <ModuleTime>2018-02-16T07:03:58Z</ModuleTime>
      <ModuleName>System.IO.MemoryMappedFiles</ModuleName>
      <Classes />
    </Module>
    <Module skippedDueTo="MissingPdb" hash="C3-CA-11-6B-1F-CA-99-A8-E4-88-79-89-75-23-9B-80-C8-96-16-13">
      <ModulePath>C:\Program Files\dotnet\sdk\2.1.300-preview1-008174\Roslyn\Microsoft.Build.Tasks.CodeAnalysis.dll</ModulePath>
      <ModuleTime>2018-02-21T09:53:22Z</ModuleTime>
      <ModuleName>Microsoft.Build.Tasks.CodeAnalysis</ModuleName>
      <Classes />
    </Module>
    <Module skippedDueTo="Filter" hash="71-B2-AC-34-E9-1B-4E-39-EE-65-C6-74-DF-82-79-75-B6-43-03-01">
      <ModulePath>C:\Program Files\dotnet\shared\Microsoft.NETCore.App\2.1.0-preview1-26216-03\System.Security.Principal.Windows.dll</ModulePath>
      <ModuleTime>2018-02-16T07:04:02Z</ModuleTime>
      <ModuleName>System.Security.Principal.Windows</ModuleName>
      <Classes />
    </Module>
    <Module skippedDueTo="Filter" hash="82-0C-A8-CA-07-40-A7-04-F7-7B-35-54-93-44-F9-51-01-7F-5C-22">
      <ModulePath>C:\Program Files\dotnet\shared\Microsoft.NETCore.App\2.1.0-preview1-26216-03\System.Security.Claims.dll</ModulePath>
      <ModuleTime>2018-02-16T07:04:02Z</ModuleTime>
      <ModuleName>System.Security.Claims</ModuleName>
      <Classes />
    </Module>
    <Module skippedDueTo="Filter" hash="F4-09-68-51-75-6D-C4-D7-5F-12-53-D4-E9-FC-05-74-A2-7B-95-EC">
      <ModulePath>C:\Program Files\dotnet\shared\Microsoft.NETCore.App\2.1.0-preview1-26216-03\System.Security.Principal.dll</ModulePath>
      <ModuleTime>2018-02-16T07:04:02Z</ModuleTime>
      <ModuleName>System.Security.Principal</ModuleName>
      <Classes />
    </Module>
    <Module skippedDueTo="Filter" hash="D2-D0-D9-34-CE-C9-99-8C-32-B4-E8-44-4E-EC-75-F4-99-57-29-14">
      <ModulePath>C:\Program Files\dotnet\shared\Microsoft.NETCore.App\2.1.0-preview1-26216-03\System.IO.Pipes.dll</ModulePath>
      <ModuleTime>2018-02-16T07:03:58Z</ModuleTime>
      <ModuleName>System.IO.Pipes</ModuleName>
      <Classes />
    </Module>
    <Module skippedDueTo="MissingPdb" hash="BA-86-46-C2-9F-50-04-AE-D4-15-AC-5F-DB-26-1F-ED-11-DE-AA-24">
      <ModulePath>C:\Program Files\dotnet\sdk\2.1.300-preview1-008174\Roslyn\bincore\VBCSCompiler.dll</ModulePath>
      <ModuleTime>2018-02-21T09:49:18Z</ModuleTime>
      <ModuleName>VBCSCompiler</ModuleName>
      <Classes />
    </Module>
    <Module skippedDueTo="Filter" hash="18-2D-63-3E-53-D2-62-05-86-34-99-61-F7-2E-5E-14-FB-FE-6F-0D">
      <ModulePath>C:\Program Files\dotnet\shared\Microsoft.NETCore.App\2.1.0-preview1-26216-03\System.Collections.Specialized.dll</ModulePath>
      <ModuleTime>2018-02-16T07:03:58Z</ModuleTime>
      <ModuleName>System.Collections.Specialized</ModuleName>
      <Classes />
    </Module>
    <Module skippedDueTo="MissingPdb" hash="9D-A5-B2-1F-44-D5-5C-24-BC-4F-76-43-7F-2E-4C-6B-AF-2D-9F-E3">
      <ModulePath>C:\Program Files\dotnet\sdk\2.1.300-preview1-008174\Roslyn\bincore\Microsoft.CodeAnalysis.dll</ModulePath>
      <ModuleTime>2018-02-21T09:53:22Z</ModuleTime>
      <ModuleName>Microsoft.CodeAnalysis</ModuleName>
      <Classes />
    </Module>
    <Module skippedDueTo="Filter" hash="D8-A8-70-E6-F9-B9-18-CF-79-AE-62-16-85-A9-E0-B0-19-44-C4-B5">
      <ModulePath>C:\Program Files\dotnet\shared\Microsoft.NETCore.App\2.1.0-preview1-26216-03\System.Threading.Overlapped.dll</ModulePath>
      <ModuleTime>2018-02-16T07:04:02Z</ModuleTime>
      <ModuleName>System.Threading.Overlapped</ModuleName>
      <Classes />
    </Module>
    <Module skippedDueTo="Filter" hash="1D-A3-14-15-B4-D0-E8-7C-DD-E6-90-4D-E2-1B-0A-B4-6B-7A-F2-06">
      <ModulePath>C:\Program Files\dotnet\shared\Microsoft.NETCore.App\2.1.0-preview1-26216-03\System.Security.AccessControl.dll</ModulePath>
      <ModuleTime>2018-02-16T07:04:02Z</ModuleTime>
      <ModuleName>System.Security.AccessControl</ModuleName>
      <Classes />
    </Module>
    <Module skippedDueTo="Filter" hash="E5-E1-E8-4E-B6-67-62-8F-EA-C5-89-43-01-2E-23-94-65-A6-AE-02">
      <ModulePath>C:\Program Files\dotnet\sdk\2.1.300-preview1-008174\Roslyn\runtimes\win\lib\netstandard1.3\System.IO.Pipes.AccessControl.dll</ModulePath>
      <ModuleTime>2018-02-21T09:48:14Z</ModuleTime>
      <ModuleName>System.IO.Pipes.AccessControl</ModuleName>
      <Classes />
    </Module>
    <Module skippedDueTo="MissingPdb" hash="2F-32-7A-06-27-99-E9-E8-43-28-09-91-E7-8E-86-62-14-E8-51-5B">
      <ModulePath>C:\Program Files\dotnet\sdk\2.1.300-preview1-008174\Roslyn\bincore\Microsoft.CodeAnalysis.CSharp.dll</ModulePath>
      <ModuleTime>2018-02-21T09:53:24Z</ModuleTime>
      <ModuleName>Microsoft.CodeAnalysis.CSharp</ModuleName>
      <Classes />
    </Module>
    <Module skippedDueTo="MissingPdb" hash="80-7C-75-59-63-2B-59-6A-43-43-19-93-78-D6-3A-2F-E0-3E-78-C7">
      <ModulePath>C:\Program Files\dotnet\sdk\2.1.300-preview1-008174\Roslyn\bincore\Microsoft.CodeAnalysis.VisualBasic.dll</ModulePath>
      <ModuleTime>2018-02-21T09:53:24Z</ModuleTime>
      <ModuleName>Microsoft.CodeAnalysis.VisualBasic</ModuleName>
      <Classes />
    </Module>
    <Module skippedDueTo="MissingPdb" hash="75-2D-BA-9C-C0-5B-7B-F5-85-48-B7-3F-33-18-41-50-49-80-1F-35">
      <ModulePath>C:\Users\courio\AppData\Local\Temp\VBCSCompiler\AnalyzerAssemblyLoader\a496990d2a8d4d35a13775c31261d663\0\Microsoft.CodeAnalysis.Analyzers.dll</ModulePath>
      <ModuleTime>2018-03-03T21:28:10Z</ModuleTime>
      <ModuleName>Microsoft.CodeAnalysis.Analyzers</ModuleName>
      <Classes />
    </Module>
    <Module skippedDueTo="MissingPdb" hash="F8-13-77-B6-9D-92-C4-91-70-80-E2-B5-03-D2-EA-53-8A-A3-0E-EB">
      <ModulePath>C:\Users\courio\AppData\Local\Temp\VBCSCompiler\AnalyzerAssemblyLoader\a496990d2a8d4d35a13775c31261d663\1\Microsoft.CodeAnalysis.CSharp.Analyzers.dll</ModulePath>
      <ModuleTime>2018-03-03T21:28:10Z</ModuleTime>
      <ModuleName>Microsoft.CodeAnalysis.CSharp.Analyzers</ModuleName>
      <Classes />
    </Module>
    <Module skippedDueTo="Filter" hash="83-20-07-BB-1D-AE-19-C6-BC-D9-5D-B5-98-BC-FB-97-40-39-55-C5">
      <ModulePath>C:\Program Files\dotnet\shared\Microsoft.NETCore.App\2.1.0-preview1-26216-03\System.ValueTuple.dll</ModulePath>
      <ModuleTime>2018-02-16T07:04:04Z</ModuleTime>
      <ModuleName>System.ValueTuple</ModuleName>
      <Classes />
    </Module>
    <Module skippedDueTo="Filter" hash="87-89-80-3B-93-6F-12-1E-22-97-58-62-CB-16-66-03-84-52-0C-8F">
      <ModulePath>C:\Program Files\dotnet\shared\Microsoft.NETCore.App\2.1.0-preview1-26216-03\System.Runtime.Numerics.dll</ModulePath>
      <ModuleTime>2018-02-16T07:04:02Z</ModuleTime>
      <ModuleName>System.Runtime.Numerics</ModuleName>
      <Classes />
    </Module>
    <Module skippedDueTo="Filter" hash="F9-75-BB-33-84-EC-62-87-FD-6F-16-D5-11-27-51-C7-42-DA-F0-E8">
      <ModulePath>C:\Users\courio\AppData\Local\Temp\VBCSCompiler\AnalyzerAssemblyLoader\a496990d2a8d4d35a13775c31261d663\2\xunit.analyzers.dll</ModulePath>
      <ModuleTime>2017-11-19T14:37:02Z</ModuleTime>
      <ModuleName>xunit.analyzers</ModuleName>
      <Classes />
    </Module>
    <Module skippedDueTo="MissingPdb" hash="CA-EE-00-D2-AE-04-21-FD-66-62-94-61-4F-C1-62-90-00-A6-99-28">
      <ModulePath>C:\Program Files\dotnet\sdk\2.1.300-preview1-008174\vstest.console.dll</ModulePath>
      <ModuleTime>2018-02-21T09:48:22Z</ModuleTime>
      <ModuleName>vstest.console</ModuleName>
      <Classes />
    </Module>
    <Module skippedDueTo="MissingPdb" hash="6D-1D-62-19-4D-C8-CB-D0-D6-8E-DF-EA-EF-43-A2-77-03-05-73-C6">
      <ModulePath>C:\Program Files\dotnet\sdk\2.1.300-preview1-008174\Microsoft.TestPlatform.CoreUtilities.dll</ModulePath>
      <ModuleTime>2018-02-21T09:48:50Z</ModuleTime>
      <ModuleName>Microsoft.TestPlatform.CoreUtilities</ModuleName>
      <Classes />
    </Module>
    <Module skippedDueTo="MissingPdb" hash="54-26-FF-29-B4-9A-06-3F-B8-2D-FE-B2-7A-FD-94-85-93-6E-69-32">
      <ModulePath>C:\Program Files\dotnet\sdk\2.1.300-preview1-008174\Microsoft.VisualStudio.TestPlatform.ObjectModel.dll</ModulePath>
      <ModuleTime>2018-02-21T09:48:50Z</ModuleTime>
      <ModuleName>Microsoft.VisualStudio.TestPlatform.ObjectModel</ModuleName>
      <Classes />
    </Module>
    <Module skippedDueTo="MissingPdb" hash="61-DB-95-61-D9-C0-BA-BC-4E-53-56-63-FD-10-E6-1B-1B-EE-0F-8F">
      <ModulePath>C:\Program Files\dotnet\sdk\2.1.300-preview1-008174\Microsoft.VisualStudio.TestPlatform.Client.dll</ModulePath>
      <ModuleTime>2018-02-21T09:48:50Z</ModuleTime>
      <ModuleName>Microsoft.VisualStudio.TestPlatform.Client</ModuleName>
      <Classes />
    </Module>
    <Module skippedDueTo="MissingPdb" hash="25-A2-D6-98-BE-AF-28-C5-2A-0F-8D-53-43-DE-11-1B-5C-11-52-A6">
      <ModulePath>C:\Program Files\dotnet\sdk\2.1.300-preview1-008174\Microsoft.VisualStudio.TestPlatform.Common.dll</ModulePath>
      <ModuleTime>2018-02-21T09:48:50Z</ModuleTime>
      <ModuleName>Microsoft.VisualStudio.TestPlatform.Common</ModuleName>
      <Classes />
    </Module>
    <Module skippedDueTo="MissingPdb" hash="62-CB-06-CB-C4-69-7E-85-C9-54-1D-BF-56-8A-5E-84-A7-AA-98-51">
      <ModulePath>C:\Program Files\dotnet\sdk\2.1.300-preview1-008174\Microsoft.TestPlatform.PlatformAbstractions.dll</ModulePath>
      <ModuleTime>2018-02-21T09:48:50Z</ModuleTime>
      <ModuleName>Microsoft.TestPlatform.PlatformAbstractions</ModuleName>
      <Classes />
    </Module>
    <Module skippedDueTo="MissingPdb" hash="AB-75-0D-55-68-43-61-27-72-73-4F-81-27-BC-83-8F-DE-47-4F-93">
      <ModulePath>C:\Program Files\dotnet\sdk\2.1.300-preview1-008174\Microsoft.TestPlatform.Utilities.dll</ModulePath>
      <ModuleTime>2018-02-21T09:48:50Z</ModuleTime>
      <ModuleName>Microsoft.TestPlatform.Utilities</ModuleName>
      <Classes />
    </Module>
    <Module skippedDueTo="Filter" hash="7A-FD-98-EF-E8-5F-72-58-2D-EC-48-5D-E3-B4-C5-C3-3B-95-8B-03">
      <ModulePath>C:\Program Files\dotnet\sdk\2.1.300-preview1-008174\System.Xml.XPath.XmlDocument.dll</ModulePath>
      <ModuleTime>2018-02-21T09:48:16Z</ModuleTime>
      <ModuleName>System.Xml.XPath.XmlDocument</ModuleName>
      <Classes />
    </Module>
    <Module skippedDueTo="Filter" hash="58-D9-9C-73-A0-5B-C7-3B-4D-8E-00-E2-F8-10-05-9E-39-80-58-61">
      <ModulePath>C:\Program Files\dotnet\shared\Microsoft.NETCore.App\2.1.0-preview1-26216-03\System.Xml.XPath.dll</ModulePath>
      <ModuleTime>2018-02-16T07:04:04Z</ModuleTime>
      <ModuleName>System.Xml.XPath</ModuleName>
      <Classes />
    </Module>
    <Module skippedDueTo="MissingPdb" hash="89-AF-18-2A-7D-7F-CA-03-91-FC-B2-2F-72-02-56-B9-1B-A7-A9-FC">
      <ModulePath>C:\Program Files\dotnet\sdk\2.1.300-preview1-008174\Microsoft.TestPlatform.CrossPlatEngine.dll</ModulePath>
      <ModuleTime>2018-02-21T09:48:50Z</ModuleTime>
      <ModuleName>Microsoft.TestPlatform.CrossPlatEngine</ModuleName>
      <Classes />
    </Module>
    <Module skippedDueTo="MissingPdb" hash="5E-52-CD-C6-42-4E-E5-BA-43-57-DC-D6-BE-5B-DE-67-16-92-5C-D8">
      <ModulePath>C:\Program Files\dotnet\sdk\2.1.300-preview1-008174\Extensions\Microsoft.TestPlatform.Extensions.BlameDataCollector.dll</ModulePath>
      <ModuleTime>2018-02-21T09:48:20Z</ModuleTime>
      <ModuleName>Microsoft.TestPlatform.Extensions.BlameDataCollector</ModuleName>
      <Classes />
    </Module>
    <Module skippedDueTo="MissingPdb" hash="5E-53-3B-ED-B8-60-96-FC-01-0C-D5-A3-D5-F7-BF-55-74-D4-A2-6E">
      <ModulePath>C:\Program Files\dotnet\sdk\2.1.300-preview1-008174\Extensions\Microsoft.TestPlatform.Extensions.EventLogCollector.dll</ModulePath>
      <ModuleTime>2018-02-21T09:48:20Z</ModuleTime>
      <ModuleName>Microsoft.TestPlatform.Extensions.EventLogCollector</ModuleName>
      <Classes />
    </Module>
    <Module skippedDueTo="Filter" hash="78-E5-7F-66-9B-99-AD-C5-F7-88-75-F9-3B-98-E5-AA-82-3B-24-48">
      <ModulePath>C:\Program Files\dotnet\shared\Microsoft.NETCore.App\2.1.0-preview1-26216-03\mscorlib.dll</ModulePath>
      <ModuleTime>2018-02-16T07:03:56Z</ModuleTime>
      <ModuleName>mscorlib</ModuleName>
      <Classes />
    </Module>
    <Module skippedDueTo="Filter" hash="E3-64-81-5B-53-FA-DD-13-49-EA-55-71-DE-55-D7-DD-CE-80-7B-02">
      <ModulePath>C:\Program Files\dotnet\shared\Microsoft.NETCore.App\2.1.0-preview1-26216-03\System.Xml.dll</ModulePath>
      <ModuleTime>2018-02-16T07:04:04Z</ModuleTime>
      <ModuleName>System.Xml</ModuleName>
      <Classes />
    </Module>
    <Module skippedDueTo="MissingPdb" hash="F5-71-55-85-87-D7-3C-A1-96-C8-C4-78-DE-73-34-AB-58-5E-D8-C6">
      <ModulePath>C:\Program Files\dotnet\sdk\2.1.300-preview1-008174\Extensions\Microsoft.TestPlatform.TestHostRuntimeProvider.dll</ModulePath>
      <ModuleTime>2018-02-21T09:48:20Z</ModuleTime>
      <ModuleName>Microsoft.TestPlatform.TestHostRuntimeProvider</ModuleName>
      <Classes />
    </Module>
    <Module skippedDueTo="MissingPdb" hash="C3-ED-FF-7B-7A-AA-7C-11-D3-A3-AE-F2-79-67-3C-7C-47-50-7E-CA">
      <ModulePath>C:\Program Files\dotnet\sdk\2.1.300-preview1-008174\Extensions\Microsoft.VisualStudio.TestPlatform.Extensions.Trx.TestLogger.dll</ModulePath>
      <ModuleTime>2018-02-21T09:48:20Z</ModuleTime>
      <ModuleName>Microsoft.VisualStudio.TestPlatform.Extensions.Trx.TestLogger</ModuleName>
      <Classes />
    </Module>
    <Module skippedDueTo="MissingPdb" hash="DE-EB-35-2D-F8-6F-03-AC-EE-22-B3-AB-30-22-93-48-B4-8F-3C-93">
      <ModulePath>C:\Program Files\dotnet\sdk\2.1.300-preview1-008174\Microsoft.TestPlatform.CommunicationUtilities.dll</ModulePath>
      <ModuleTime>2018-02-21T09:48:50Z</ModuleTime>
      <ModuleName>Microsoft.TestPlatform.CommunicationUtilities</ModuleName>
      <Classes />
    </Module>
    <Module skippedDueTo="Filter" hash="AA-16-C5-AD-37-64-39-49-59-46-09-98-F8-EB-03-F7-27-7C-71-2A">
      <ModulePath>C:\Program Files\dotnet\shared\Microsoft.NETCore.App\2.1.0-preview1-26216-03\System.Threading.Timer.dll</ModulePath>
      <ModuleTime>2018-02-16T07:04:04Z</ModuleTime>
      <ModuleName>System.Threading.Timer</ModuleName>
      <Classes />
    </Module>
    <Module skippedDueTo="Filter" hash="53-10-FD-98-A1-3B-42-6A-49-4B-76-44-AE-EA-6E-10-45-D5-9B-BC">
      <ModulePath>C:\Program Files\dotnet\shared\Microsoft.NETCore.App\2.1.0-preview1-26216-03\System.Net.Sockets.dll</ModulePath>
      <ModuleTime>2018-02-16T07:04:00Z</ModuleTime>
      <ModuleName>System.Net.Sockets</ModuleName>
      <Classes />
    </Module>
    <Module skippedDueTo="Filter" hash="9B-1E-4C-B8-35-53-3A-BF-44-53-E1-34-B6-DA-E8-D7-0C-05-95-09">
      <ModulePath>C:\Program Files\dotnet\shared\Microsoft.NETCore.App\2.1.0-preview1-26216-03\System.Net.NameResolution.dll</ModulePath>
      <ModuleTime>2018-02-16T07:04:00Z</ModuleTime>
      <ModuleName>System.Net.NameResolution</ModuleName>
      <Classes />
    </Module>
    <Module skippedDueTo="MissingPdb" hash="AA-A9-2F-68-F3-D3-FC-F0-BA-15-39-AF-2E-BD-16-EE-E4-48-6E-26">
      <ModulePath>C:\Program Files\dotnet\sdk\2.1.300-preview1-008174\Microsoft.Extensions.DependencyModel.dll</ModulePath>
      <ModuleTime>2018-02-21T09:48:50Z</ModuleTime>
      <ModuleName>Microsoft.Extensions.DependencyModel</ModuleName>
      <Classes />
    </Module>
    <Module skippedDueTo="MissingPdb" hash="AB-53-D7-4D-A0-5D-F8-E6-3B-B0-A8-FA-93-65-03-08-45-E6-98-AE">
      <ModulePath>C:\Users\courio\.nuget\packages\microsoft.testplatform.testhost\15.7.0\lib\netstandard1.5\testhost.dll</ModulePath>
      <ModuleTime>2018-04-02T21:13:24Z</ModuleTime>
      <ModuleName>testhost</ModuleName>
      <Classes />
    </Module>
    <Module skippedDueTo="MissingPdb" hash="95-DA-82-EF-BD-0A-F0-F2-C0-2C-C3-A7-CB-02-CE-5E-1C-E7-F3-A8">
      <ModulePath>C:\Users\courio\.nuget\packages\microsoft.testplatform.objectmodel\15.7.0\lib\netstandard1.5\Microsoft.TestPlatform.CoreUtilities.dll</ModulePath>
      <ModuleTime>2018-04-02T21:13:24Z</ModuleTime>
      <ModuleName>Microsoft.TestPlatform.CoreUtilities</ModuleName>
      <Classes />
    </Module>
    <Module skippedDueTo="MissingPdb" hash="27-94-7F-F6-F4-FE-7D-02-20-C2-96-6F-B3-DC-C8-84-D8-47-14-41">
      <ModulePath>C:\Users\courio\.nuget\packages\microsoft.testplatform.objectmodel\15.7.0\lib\netstandard1.5\Microsoft.TestPlatform.PlatformAbstractions.dll</ModulePath>
      <ModuleTime>2018-04-02T21:13:24Z</ModuleTime>
      <ModuleName>Microsoft.TestPlatform.PlatformAbstractions</ModuleName>
      <Classes />
    </Module>
    <Module skippedDueTo="MissingPdb" hash="24-3D-4B-CF-99-93-9C-8B-A7-72-51-22-D8-3B-17-EC-1D-3B-4F-6F">
      <ModulePath>C:\Users\courio\.nuget\packages\microsoft.testplatform.objectmodel\15.7.0\lib\netstandard1.5\Microsoft.VisualStudio.TestPlatform.ObjectModel.dll</ModulePath>
      <ModuleTime>2018-04-02T21:13:24Z</ModuleTime>
      <ModuleName>Microsoft.VisualStudio.TestPlatform.ObjectModel</ModuleName>
      <Classes />
    </Module>
    <Module skippedDueTo="MissingPdb" hash="9B-1E-1D-B5-2F-F8-1E-C4-EC-19-1F-7A-30-07-AA-4D-D2-36-5E-E8">
      <ModulePath>C:\Users\courio\.nuget\packages\microsoft.testplatform.testhost\15.7.0\lib\netstandard1.5\Microsoft.TestPlatform.CrossPlatEngine.dll</ModulePath>
      <ModuleTime>2018-04-02T21:13:24Z</ModuleTime>
      <ModuleName>Microsoft.TestPlatform.CrossPlatEngine</ModuleName>
      <Classes />
    </Module>
    <Module skippedDueTo="MissingPdb" hash="5F-13-8E-E6-AA-E0-64-CE-ED-EF-28-54-D0-38-3C-AB-5F-B6-83-F9">
      <ModulePath>C:\Users\courio\.nuget\packages\microsoft.testplatform.testhost\15.7.0\lib\netstandard1.5\Microsoft.TestPlatform.CommunicationUtilities.dll</ModulePath>
      <ModuleTime>2018-04-02T21:13:24Z</ModuleTime>
      <ModuleName>Microsoft.TestPlatform.CommunicationUtilities</ModuleName>
      <Classes />
    </Module>
    <Module skippedDueTo="MissingPdb" hash="B3-2E-3F-45-0A-D2-ED-CE-84-14-16-8F-7B-AF-DF-2C-B1-CA-2A-53">
      <ModulePath>C:\Users\courio\.nuget\packages\microsoft.testplatform.testhost\15.7.0\lib\netstandard1.5\Microsoft.VisualStudio.TestPlatform.Common.dll</ModulePath>
      <ModuleTime>2018-04-02T21:13:24Z</ModuleTime>
      <ModuleName>Microsoft.VisualStudio.TestPlatform.Common</ModuleName>
      <Classes />
    </Module>
    <Module skippedDueTo="MissingPdb" hash="35-34-3B-BE-68-65-E3-7B-BE-7D-10-95-64-F9-6D-0A-EF-51-1A-FE">
      <ModulePath>C:\Program Files\dotnet\shared\Microsoft.AspNetCore.App\2.1.0-preview1-final\Newtonsoft.Json.dll</ModulePath>
      <ModuleTime>2018-02-16T22:54:12Z</ModuleTime>
      <ModuleName>Newtonsoft.Json</ModuleName>
      <Classes />
    </Module>
    <Module skippedDueTo="MissingPdb" hash="">
      <ModulePath>RefEmit_InMemoryManifestModule</ModulePath>
      <ModuleTime>0001-01-01T00:00:00</ModuleTime>
      <ModuleName>Anonymously Hosted DynamicMethods Assembly</ModuleName>
      <Classes />
    </Module>
    <Module skippedDueTo="Filter" hash="BD-1E-D7-86-04-34-3E-D6-0B-E2-4C-05-5F-F1-8E-BD-31-95-6C-2E">
      <ModulePath>C:\Program Files\dotnet\shared\Microsoft.NETCore.App\2.1.0-preview1-26216-03\System.ComponentModel.dll</ModulePath>
      <ModuleTime>2018-02-16T07:03:58Z</ModuleTime>
      <ModuleName>System.ComponentModel</ModuleName>
      <Classes />
    </Module>
    <Module skippedDueTo="Filter" hash="64-4B-A2-CE-4E-24-D7-BE-75-92-1A-64-5A-A9-F5-56-EB-DF-82-81">
      <ModulePath>C:\Program Files\dotnet\shared\Microsoft.NETCore.App\2.1.0-preview1-26216-03\System.Runtime.Serialization.Formatters.dll</ModulePath>
      <ModuleTime>2018-02-16T07:04:02Z</ModuleTime>
      <ModuleName>System.Runtime.Serialization.Formatters</ModuleName>
      <Classes />
    </Module>
    <Module skippedDueTo="Filter" hash="48-CF-B9-C7-BA-2A-3E-BA-76-2B-D4-2B-DE-E9-2C-22-FB-2E-4B-25">
      <ModulePath>C:\Program Files\dotnet\shared\Microsoft.NETCore.App\2.1.0-preview1-26216-03\System.ComponentModel.TypeConverter.dll</ModulePath>
      <ModuleTime>2018-02-16T07:03:58Z</ModuleTime>
      <ModuleName>System.ComponentModel.TypeConverter</ModuleName>
      <Classes />
    </Module>
    <Module skippedDueTo="Filter" hash="06-01-B6-43-7B-21-5E-FF-21-23-AA-CC-37-5E-98-C7-3F-9E-4A-2B">
      <ModulePath>C:\Program Files\dotnet\shared\Microsoft.NETCore.App\2.1.0-preview1-26216-03\System.Drawing.Primitives.dll</ModulePath>
      <ModuleTime>2018-02-16T07:03:58Z</ModuleTime>
      <ModuleName>System.Drawing.Primitives</ModuleName>
      <Classes />
    </Module>
    <Module skippedDueTo="Filter" hash="C5-67-60-65-7B-70-D1-A7-E3-61-7F-F0-B3-0C-D5-C1-92-70-F4-01">
      <ModulePath>H:\PersonalProjects\UnobtrusiveMultitenancy\test\PuzzleCMS.UnitsTests\bin\DEBUG\netcoreapp2.1\xunit.runner.visualstudio.dotnetcore.testadapter.dll</ModulePath>
      <ModuleTime>2017-10-27T03:35:10Z</ModuleTime>
      <ModuleName>xunit.runner.visualstudio.dotnetcore.testadapter</ModuleName>
      <Classes />
    </Module>
    <Module skippedDueTo="Filter" hash="B8-6C-A8-BF-74-7E-48-53-82-BD-6C-50-0A-96-4D-43-CB-D4-DA-92">
      <ModulePath>H:\PersonalProjects\UnobtrusiveMultitenancy\test\PuzzleCMS.UnitsTests\bin\DEBUG\netcoreapp2.1\xunit.runner.utility.netcoreapp10.dll</ModulePath>
      <ModuleTime>2017-10-27T03:35:08Z</ModuleTime>
      <ModuleName>xunit.runner.utility.netcoreapp10</ModuleName>
      <Classes />
    </Module>
    <Module skippedDueTo="Filter" hash="0D-93-02-F5-BA-A6-97-B2-1E-7D-A1-81-8A-4F-5F-B9-97-BB-A9-BC">
      <ModulePath>C:\Users\courio\.nuget\packages\xunit.abstractions\2.0.1\lib\netstandard1.0\xunit.abstractions.dll</ModulePath>
      <ModuleTime>2016-08-09T06:37:58Z</ModuleTime>
      <ModuleName>xunit.abstractions</ModuleName>
      <Classes />
    </Module>
    <Module skippedDueTo="Filter" hash="D5-3F-EE-7F-64-38-FB-66-32-5E-A9-5F-81-5E-E5-A5-94-42-F9-7F">
      <ModulePath>H:\PersonalProjects\UnobtrusiveMultitenancy\test\PuzzleCMS.UnitsTests\bin\DEBUG\netcoreapp2.1\PuzzleCMS.UnitsTests.dll</ModulePath>
      <ModuleTime>2018-05-21T10:37:22.5263669Z</ModuleTime>
      <ModuleName>PuzzleCMS.UnitsTests</ModuleName>
      <Classes />
    </Module>
    <Module skippedDueTo="Filter" hash="A9-2D-37-71-85-86-25-78-29-7F-26-79-55-A6-E5-61-80-28-93-5F">
      <ModulePath>C:\Users\courio\.nuget\packages\xunit.extensibility.core\2.3.1\lib\netstandard1.1\xunit.core.dll</ModulePath>
      <ModuleTime>2017-10-27T03:34:40Z</ModuleTime>
      <ModuleName>xunit.core</ModuleName>
      <Classes />
    </Module>
    <Module hash="1C-D5-8B-B6-6A-04-30-42-04-12-D2-2D-D6-6A-65-9F-1F-95-ED-00">
      <Summary numSequencePoints="1924" visitedSequencePoints="764" numBranchPoints="699" visitedBranchPoints="223" sequenceCoverage="39.71" branchCoverage="31.90" maxCyclomaticComplexity="42" minCyclomaticComplexity="0" visitedClasses="61" numClasses="103" visitedMethods="130" numMethods="338" />
      <ModulePath>H:\PersonalProjects\UnobtrusiveMultitenancy\test\PuzzleCMS.UnitsTests\bin\DEBUG\netcoreapp2.1\Puzzle.Core.Multitenancy.dll</ModulePath>
      <ModuleTime>2018-05-21T10:37:20.7433257Z</ModuleTime>
      <ModuleName>Puzzle.Core.Multitenancy</ModuleName>
      <Files>
        <File uid="1" fullPath="H:\PersonalProjects\UnobtrusiveMultitenancy\src\Core.Mvc\Puzzle.Core.Multitenancy\UsePerTenantApplicationBuilderExtensions.cs" />
        <File uid="3" fullPath="H:\PersonalProjects\UnobtrusiveMultitenancy\src\Core.Mvc\Puzzle.Core.Multitenancy\TenantContext`1.cs" />
        <File uid="4" fullPath="H:\PersonalProjects\UnobtrusiveMultitenancy\src\Core.Mvc\Puzzle.Core.Multitenancy\TenantPipelineBuilderContext`1.cs" />
        <File uid="5" fullPath="H:\PersonalProjects\UnobtrusiveMultitenancy\src\Core.Mvc\Puzzle.Core.Multitenancy\Internal\AppTenant.cs" />
        <File uid="6" fullPath="H:\PersonalProjects\UnobtrusiveMultitenancy\src\Core.Mvc\Puzzle.Core.Multitenancy\Internal\ConfigureMultitenantServicesBuilder`1.cs" />
        <File uid="9" fullPath="H:\PersonalProjects\UnobtrusiveMultitenancy\src\Core.Mvc\Puzzle.Core.Multitenancy\Internal\ConventionMultitenantBasedStartup`1.cs" />
        <File uid="11" fullPath="H:\PersonalProjects\UnobtrusiveMultitenancy\src\Core.Mvc\Puzzle.Core.Multitenancy\Internal\IServiceFactoryForMultitenancy`1.cs" />
        <File uid="21" fullPath="H:\PersonalProjects\UnobtrusiveMultitenancy\src\Core.Mvc\Puzzle.Core.Multitenancy\Internal\ServiceCollectionExtensions.cs" />
        <File uid="22" fullPath="H:\PersonalProjects\UnobtrusiveMultitenancy\src\Core.Mvc\Puzzle.Core.Multitenancy\Internal\StartupLoaderMultitenant.cs" />
        <File uid="24" fullPath="H:\PersonalProjects\UnobtrusiveMultitenancy\src\Core.Mvc\Puzzle.Core.Multitenancy\Internal\StartupMethodsMultitenant`1.cs" />
        <File uid="25" fullPath="H:\PersonalProjects\UnobtrusiveMultitenancy\src\Core.Mvc\Puzzle.Core.Multitenancy\TenantWrapper`1.cs" />
        <File uid="26" fullPath="H:\PersonalProjects\UnobtrusiveMultitenancy\src\Core.Mvc\Puzzle.Core.Multitenancy\Internal\StartupFilters\MultitenantRequestStartupFilter`2.cs" />
        <File uid="28" fullPath="H:\PersonalProjects\UnobtrusiveMultitenancy\src\Core.Mvc\Puzzle.Core.Multitenancy\Internal\Resolvers\CachingAppTenantResolver.cs" />
        <File uid="31" fullPath="H:\PersonalProjects\UnobtrusiveMultitenancy\src\Core.Mvc\Puzzle.Core.Multitenancy\Internal\Resolvers\MemoryCacheTenantResolverOptions.cs" />
        <File uid="32" fullPath="H:\PersonalProjects\UnobtrusiveMultitenancy\src\Core.Mvc\Puzzle.Core.Multitenancy\Internal\Resolvers\MemoryCacheTenantResolver`1.cs" />
        <File uid="35" fullPath="H:\PersonalProjects\UnobtrusiveMultitenancy\src\Core.Mvc\Puzzle.Core.Multitenancy\Internal\Options\MultitenancyOptions.cs" />
        <File uid="36" fullPath="H:\PersonalProjects\UnobtrusiveMultitenancy\src\Core.Mvc\Puzzle.Core.Multitenancy\Internal\Options\MultitenancyOptionsSetup.cs" />
        <File uid="38" fullPath="H:\PersonalProjects\UnobtrusiveMultitenancy\src\Core.Mvc\Puzzle.Core.Multitenancy\Internal\Options\MultitenancyPostConfigureOptions.cs" />
        <File uid="39" fullPath="H:\PersonalProjects\UnobtrusiveMultitenancy\src\Core.Mvc\Puzzle.Core.Multitenancy\Internal\Middlewares\MultitenancyRequestServicesContainerMiddleware`1.cs" />
        <File uid="41" fullPath="H:\PersonalProjects\UnobtrusiveMultitenancy\src\Core.Mvc\Puzzle.Core.Multitenancy\Internal\Middlewares\TenantPipelineMiddleware`1.cs" />
        <File uid="45" fullPath="H:\PersonalProjects\UnobtrusiveMultitenancy\src\Core.Mvc\Puzzle.Core.Multitenancy\Internal\Middlewares\TenantResolutionMiddleware`1.cs" />
        <File uid="47" fullPath="H:\PersonalProjects\UnobtrusiveMultitenancy\src\Core.Mvc\Puzzle.Core.Multitenancy\Internal\Logging\Log`1.cs" />
        <File uid="48" fullPath="H:\PersonalProjects\UnobtrusiveMultitenancy\src\Core.Mvc\Puzzle.Core.Multitenancy\Internal\Logging\LibLog.4.2.6\DisposableAction.cs" />
        <File uid="49" fullPath="H:\PersonalProjects\UnobtrusiveMultitenancy\src\Core.Mvc\Puzzle.Core.Multitenancy\Internal\Logging\LibLog.4.2.6\ILog.cs" />
        <File uid="50" fullPath="H:\PersonalProjects\UnobtrusiveMultitenancy\src\Core.Mvc\Puzzle.Core.Multitenancy\Internal\Logging\LibLog.4.2.6\LogExtensions.cs" />
        <File uid="51" fullPath="H:\PersonalProjects\UnobtrusiveMultitenancy\src\Core.Mvc\Puzzle.Core.Multitenancy\Internal\Logging\LibLog.4.2.6\LoggerExecutionWrapper.cs" />
        <File uid="54" fullPath="H:\PersonalProjects\UnobtrusiveMultitenancy\src\Core.Mvc\Puzzle.Core.Multitenancy\Internal\Logging\LibLog.4.2.6\LogProvider.cs" />
        <File uid="57" fullPath="H:\PersonalProjects\UnobtrusiveMultitenancy\src\Core.Mvc\Puzzle.Core.Multitenancy\Internal\Logging\LibLog.4.2.6\LogProviders\ColoredConsoleLogProvider.cs" />
        <File uid="60" fullPath="H:\PersonalProjects\UnobtrusiveMultitenancy\src\Core.Mvc\Puzzle.Core.Multitenancy\Internal\Logging\LibLog.4.2.6\LogProviders\EntLibLogProvider.cs" />
        <File uid="62" fullPath="H:\PersonalProjects\UnobtrusiveMultitenancy\src\Core.Mvc\Puzzle.Core.Multitenancy\Internal\Logging\LibLog.4.2.6\LogProviders\Log4NetLogProvider.cs" />
        <File uid="67" fullPath="H:\PersonalProjects\UnobtrusiveMultitenancy\src\Core.Mvc\Puzzle.Core.Multitenancy\Internal\Logging\LibLog.4.2.6\LogProviders\LogMessageFormatter.cs" />
        <File uid="69" fullPath="H:\PersonalProjects\UnobtrusiveMultitenancy\src\Core.Mvc\Puzzle.Core.Multitenancy\Internal\Logging\LibLog.4.2.6\LogProviders\LogProviderBase.cs" />
        <File uid="71" fullPath="H:\PersonalProjects\UnobtrusiveMultitenancy\src\Core.Mvc\Puzzle.Core.Multitenancy\Internal\Logging\LibLog.4.2.6\LogProviders\LoupeLogProvider.cs" />
        <File uid="73" fullPath="H:\PersonalProjects\UnobtrusiveMultitenancy\src\Core.Mvc\Puzzle.Core.Multitenancy\Internal\Logging\LibLog.4.2.6\LogProviders\NLogLogProvider.cs" />
        <File uid="78" fullPath="H:\PersonalProjects\UnobtrusiveMultitenancy\src\Core.Mvc\Puzzle.Core.Multitenancy\Internal\Logging\LibLog.4.2.6\LogProviders\SerilogLogProvider.cs" />
        <File uid="83" fullPath="H:\PersonalProjects\UnobtrusiveMultitenancy\src\Core.Mvc\Puzzle.Core.Multitenancy\Internal\Logging\LibLog.4.2.6\LogProviders\TraceEventTypeValues.cs" />
        <File uid="84" fullPath="H:\PersonalProjects\UnobtrusiveMultitenancy\src\Core.Mvc\Puzzle.Core.Multitenancy\Internal\Logging\LibLog.4.2.6\LogProviders\TypeExtensions.cs" />
        <File uid="88" fullPath="H:\PersonalProjects\UnobtrusiveMultitenancy\src\Core.Mvc\Puzzle.Core.Multitenancy\Internal\Configurations\MultiTenancyConfig.cs" />
        <File uid="90" fullPath="H:\PersonalProjects\UnobtrusiveMultitenancy\src\Core.Mvc\Puzzle.Core.Multitenancy\Extensions\LoggerFactoryExtensions.cs" />
        <File uid="92" fullPath="H:\PersonalProjects\UnobtrusiveMultitenancy\src\Core.Mvc\Puzzle.Core.Multitenancy\Extensions\MultitenancyApplicationBuilderExtensions.cs" />
        <File uid="94" fullPath="H:\PersonalProjects\UnobtrusiveMultitenancy\src\Core.Mvc\Puzzle.Core.Multitenancy\Extensions\MultiTenancyConfigExtensions.cs" />
        <File uid="96" fullPath="H:\PersonalProjects\UnobtrusiveMultitenancy\src\Core.Mvc\Puzzle.Core.Multitenancy\Extensions\MultitenancyHttpContextExtensions.cs" />
        <File uid="97" fullPath="H:\PersonalProjects\UnobtrusiveMultitenancy\src\Core.Mvc\Puzzle.Core.Multitenancy\Extensions\MultitenancyServiceCollectionExtensions.cs" />
        <File uid="99" fullPath="H:\PersonalProjects\UnobtrusiveMultitenancy\src\Core.Mvc\Puzzle.Core.Multitenancy\Extensions\OptionsExtensions.cs" />
        <File uid="100" fullPath="H:\PersonalProjects\UnobtrusiveMultitenancy\src\Core.Mvc\Puzzle.Core.Multitenancy\Extensions\WebHostBuilderExtensions.cs" />
      </Files>
      <Classes>
        <Class>
          <Summary numSequencePoints="0" visitedSequencePoints="0" numBranchPoints="0" visitedBranchPoints="0" sequenceCoverage="0" branchCoverage="0" maxCyclomaticComplexity="0" minCyclomaticComplexity="0" visitedClasses="0" numClasses="0" visitedMethods="0" numMethods="0" />
          <FullName>&lt;Module&gt;</FullName>
          <Methods />
        </Class>
        <Class>
          <Summary numSequencePoints="13" visitedSequencePoints="13" numBranchPoints="5" visitedBranchPoints="5" sequenceCoverage="100" branchCoverage="100" maxCyclomaticComplexity="3" minCyclomaticComplexity="3" visitedClasses="1" numClasses="1" visitedMethods="1" numMethods="1" />
          <FullName>Microsoft.AspNetCore.Builder.UsePerTenantApplicationBuilderExtensions</FullName>
          <Methods>
            <Method visited="true" cyclomaticComplexity="3" nPathComplexity="4" sequenceCoverage="100" branchCoverage="100" isConstructor="false" isStatic="true" isGetter="false" isSetter="false">
              <Summary numSequencePoints="13" visitedSequencePoints="13" numBranchPoints="5" visitedBranchPoints="5" sequenceCoverage="100" branchCoverage="100" maxCyclomaticComplexity="3" minCyclomaticComplexity="3" visitedClasses="0" numClasses="0" visitedMethods="1" numMethods="1" />
              <MetadataToken>100663297</MetadataToken>
              <Name>Microsoft.AspNetCore.Builder.IApplicationBuilder Microsoft.AspNetCore.Builder.UsePerTenantApplicationBuilderExtensions::UsePerTenant(Microsoft.AspNetCore.Builder.IApplicationBuilder,System.Action`2&lt;Puzzle.Core.Multitenancy.TenantPipelineBuilderContext`1&lt;TTenant&gt;,Microsoft.AspNetCore.Builder.IApplicationBuilder&gt;)</Name>
              <FileRef uid="1" />
              <SequencePoints>
                <SequencePoint vc="16" uspid="1" ordinal="0" offset="20" sl="25" sc="9" el="25" ec="10" bec="0" bev="0" fileid="1" />
                <SequencePoint vc="16" uspid="2" ordinal="1" offset="21" sl="26" sc="13" el="26" ec="29" bec="2" bev="2" fileid="1" />
                <SequencePoint vc="2" uspid="3" ordinal="2" offset="34" sl="27" sc="13" el="27" ec="14" bec="0" bev="0" fileid="1" />
                <SequencePoint vc="2" uspid="4" ordinal="3" offset="35" sl="28" sc="17" el="28" ec="93" bec="0" bev="0" fileid="1" />
                <SequencePoint vc="14" uspid="5" ordinal="4" offset="56" sl="31" sc="13" el="31" ec="39" bec="2" bev="2" fileid="1" />
                <SequencePoint vc="2" uspid="6" ordinal="5" offset="69" sl="32" sc="13" el="32" ec="14" bec="0" bev="0" fileid="1" />
                <SequencePoint vc="2" uspid="7" ordinal="6" offset="70" sl="33" sc="17" el="33" ec="103" bec="0" bev="0" fileid="1" />
                <SequencePoint vc="12" uspid="8" ordinal="7" offset="91" sl="36" sc="13" el="36" ec="150" bec="0" bev="0" fileid="1" />
                <SequencePoint vc="12" uspid="9" ordinal="8" offset="113" sl="37" sc="13" el="37" ec="148" bec="0" bev="0" fileid="1" />
                <SequencePoint vc="12" uspid="10" ordinal="9" offset="135" sl="38" sc="13" el="38" ec="171" bec="0" bev="0" fileid="1" />
                <SequencePoint vc="12" uspid="11" ordinal="10" offset="157" sl="39" sc="13" el="39" ec="156" bec="0" bev="0" fileid="1" />
                <SequencePoint vc="12" uspid="12" ordinal="11" offset="181" sl="40" sc="13" el="40" ec="24" bec="0" bev="0" fileid="1" />
                <SequencePoint vc="12" uspid="13" ordinal="12" offset="190" sl="41" sc="9" el="41" ec="10" bec="0" bev="0" fileid="1" />
              </SequencePoints>
              <BranchPoints>
                <BranchPoint vc="2" uspid="14" ordinal="0" offset="32" sl="26" path="0" offsetend="34" fileid="1" />
                <BranchPoint vc="14" uspid="15" ordinal="1" offset="32" sl="26" path="1" offsetend="56" fileid="1" />
                <BranchPoint vc="2" uspid="16" ordinal="2" offset="67" sl="31" path="0" offsetend="69" fileid="1" />
                <BranchPoint vc="12" uspid="17" ordinal="3" offset="67" sl="31" path="1" offsetend="91" fileid="1" />
              </BranchPoints>
              <MethodPoint vc="16" uspid="18" ordinal="0" offset="0" />
            </Method>
          </Methods>
        </Class>
        <Class>
          <Summary numSequencePoints="1" visitedSequencePoints="1" numBranchPoints="1" visitedBranchPoints="1" sequenceCoverage="100" branchCoverage="100" maxCyclomaticComplexity="1" minCyclomaticComplexity="1" visitedClasses="1" numClasses="1" visitedMethods="1" numMethods="1" />
          <FullName>Microsoft.AspNetCore.Builder.UsePerTenantApplicationBuilderExtensions/&lt;&gt;c__DisplayClass0_0`1</FullName>
          <Methods>
            <Method visited="true" cyclomaticComplexity="1" nPathComplexity="0" sequenceCoverage="0" branchCoverage="0" isConstructor="true" isStatic="false" isGetter="false" isSetter="false">
              <Summary numSequencePoints="0" visitedSequencePoints="0" numBranchPoints="0" visitedBranchPoints="0" sequenceCoverage="0" branchCoverage="0" maxCyclomaticComplexity="1" minCyclomaticComplexity="1" visitedClasses="0" numClasses="0" visitedMethods="0" numMethods="0" />
              <MetadataToken>100663578</MetadataToken>
              <Name>System.Void Microsoft.AspNetCore.Builder.UsePerTenantApplicationBuilderExtensions/&lt;&gt;c__DisplayClass0_0`1::.ctor()</Name>
              <SequencePoints />
              <BranchPoints />
              <MethodPoint vc="16" uspid="19" ordinal="0" offset="0" />
            </Method>
            <Method visited="true" cyclomaticComplexity="1" nPathComplexity="0" sequenceCoverage="100" branchCoverage="100" isConstructor="false" isStatic="false" isGetter="false" isSetter="false">
              <Summary numSequencePoints="1" visitedSequencePoints="1" numBranchPoints="1" visitedBranchPoints="1" sequenceCoverage="100" branchCoverage="100" maxCyclomaticComplexity="1" minCyclomaticComplexity="1" visitedClasses="0" numClasses="0" visitedMethods="1" numMethods="1" />
              <MetadataToken>100663579</MetadataToken>
              <Name>Microsoft.AspNetCore.Http.RequestDelegate Microsoft.AspNetCore.Builder.UsePerTenantApplicationBuilderExtensions/&lt;&gt;c__DisplayClass0_0`1::&lt;UsePerTenant&gt;b__0(Microsoft.AspNetCore.Http.RequestDelegate)</Name>
              <FileRef uid="1" />
              <SequencePoints>
                <SequencePoint vc="12" uspid="20" ordinal="0" offset="0" sl="39" sc="29" el="39" ec="154" bec="0" bev="0" fileid="1" />
              </SequencePoints>
              <BranchPoints />
              <MethodPoint xsi:type="SequencePoint" vc="12" uspid="20" ordinal="0" offset="0" sl="39" sc="29" el="39" ec="154" bec="0" bev="0" fileid="1" />
            </Method>
          </Methods>
        </Class>
        <Class>
          <Summary numSequencePoints="0" visitedSequencePoints="0" numBranchPoints="0" visitedBranchPoints="0" sequenceCoverage="0" branchCoverage="0" maxCyclomaticComplexity="1" minCyclomaticComplexity="1" visitedClasses="0" numClasses="0" visitedMethods="0" numMethods="0" />
          <FullName>Puzzle.Core.Multitenancy.ExcludeFromCoverageAttribute</FullName>
          <Methods>
            <Method visited="false" cyclomaticComplexity="1" nPathComplexity="0" sequenceCoverage="0" branchCoverage="0" isConstructor="true" isStatic="false" isGetter="false" isSetter="false">
              <Summary numSequencePoints="0" visitedSequencePoints="0" numBranchPoints="0" visitedBranchPoints="0" sequenceCoverage="0" branchCoverage="0" maxCyclomaticComplexity="1" minCyclomaticComplexity="1" visitedClasses="0" numClasses="0" visitedMethods="0" numMethods="0" />
              <MetadataToken>100663298</MetadataToken>
              <Name>System.Void Puzzle.Core.Multitenancy.ExcludeFromCoverageAttribute::.ctor()</Name>
              <SequencePoints />
              <BranchPoints />
              <MethodPoint vc="0" uspid="21" ordinal="0" offset="0" />
            </Method>
          </Methods>
        </Class>
        <Class>
          <Summary numSequencePoints="41" visitedSequencePoints="38" numBranchPoints="12" visitedBranchPoints="11" sequenceCoverage="92.68" branchCoverage="91.67" maxCyclomaticComplexity="5" minCyclomaticComplexity="1" visitedClasses="1" numClasses="1" visitedMethods="4" numMethods="4" />
          <FullName>Puzzle.Core.Multitenancy.TenantContext`1</FullName>
          <Methods>
            <Method skippedDueTo="AutoImplementedProperty" visited="false" cyclomaticComplexity="1" nPathComplexity="0" sequenceCoverage="0" branchCoverage="0" isConstructor="false" isStatic="false" isGetter="true" isSetter="false">
              <MetadataToken>100663301</MetadataToken>
              <Name>System.String Puzzle.Core.Multitenancy.TenantContext`1::get_Id()</Name>
              <FileRef uid="3" />
              <SequencePoints />
              <BranchPoints />
            </Method>
            <Method skippedDueTo="AutoImplementedProperty" visited="false" cyclomaticComplexity="1" nPathComplexity="0" sequenceCoverage="0" branchCoverage="0" isConstructor="false" isStatic="false" isGetter="true" isSetter="false">
              <MetadataToken>100663302</MetadataToken>
              <Name>TTenant Puzzle.Core.Multitenancy.TenantContext`1::get_Tenant()</Name>
              <FileRef uid="3" />
              <SequencePoints />
              <BranchPoints />
            </Method>
            <Method skippedDueTo="AutoImplementedProperty" visited="false" cyclomaticComplexity="1" nPathComplexity="0" sequenceCoverage="0" branchCoverage="0" isConstructor="false" isStatic="false" isGetter="false" isSetter="true">
              <MetadataToken>100663303</MetadataToken>
              <Name>System.Void Puzzle.Core.Multitenancy.TenantContext`1::set_Tenant(TTenant)</Name>
              <FileRef uid="3" />
              <SequencePoints />
              <BranchPoints />
            </Method>
            <Method skippedDueTo="AutoImplementedProperty" visited="false" cyclomaticComplexity="1" nPathComplexity="0" sequenceCoverage="0" branchCoverage="0" isConstructor="false" isStatic="false" isGetter="true" isSetter="false">
              <MetadataToken>100663304</MetadataToken>
              <Name>System.Collections.Generic.IDictionary`2&lt;System.String,System.Object&gt; Puzzle.Core.Multitenancy.TenantContext`1::get_Properties()</Name>
              <FileRef uid="3" />
              <SequencePoints />
              <BranchPoints />
            </Method>
            <Method visited="true" cyclomaticComplexity="2" nPathComplexity="2" sequenceCoverage="100" branchCoverage="100" isConstructor="true" isStatic="false" isGetter="false" isSetter="false">
              <Summary numSequencePoints="9" visitedSequencePoints="9" numBranchPoints="3" visitedBranchPoints="3" sequenceCoverage="100" branchCoverage="100" maxCyclomaticComplexity="2" minCyclomaticComplexity="2" visitedClasses="0" numClasses="0" visitedMethods="1" numMethods="1" />
              <MetadataToken>100663300</MetadataToken>
              <Name>System.Void Puzzle.Core.Multitenancy.TenantContext`1::.ctor(TTenant)</Name>
              <FileRef uid="3" />
              <SequencePoints>
                <SequencePoint vc="60" uspid="22" ordinal="0" offset="0" sl="32" sc="37" el="32" ec="62" bec="0" bev="0" fileid="3" />
                <SequencePoint vc="60" uspid="23" ordinal="1" offset="25" sl="18" sc="9" el="18" ec="45" bec="0" bev="0" fileid="3" />
                <SequencePoint vc="60" uspid="24" ordinal="2" offset="32" sl="19" sc="9" el="19" ec="10" bec="0" bev="0" fileid="3" />
                <SequencePoint vc="60" uspid="25" ordinal="3" offset="33" sl="20" sc="13" el="20" ec="32" bec="2" bev="2" fileid="3" />
                <SequencePoint vc="2" uspid="26" ordinal="4" offset="46" sl="21" sc="13" el="21" ec="14" bec="0" bev="0" fileid="3" />
                <SequencePoint vc="2" uspid="27" ordinal="5" offset="47" sl="22" sc="17" el="22" ec="96" bec="0" bev="0" fileid="3" />
                <SequencePoint vc="58" uspid="28" ordinal="6" offset="68" sl="25" sc="13" el="25" ec="29" bec="0" bev="0" fileid="3" />
                <SequencePoint vc="58" uspid="29" ordinal="7" offset="76" sl="26" sc="13" el="26" ec="59" bec="0" bev="0" fileid="3" />
                <SequencePoint vc="58" uspid="30" ordinal="8" offset="87" sl="27" sc="9" el="27" ec="10" bec="0" bev="0" fileid="3" />
              </SequencePoints>
              <BranchPoints>
                <BranchPoint vc="2" uspid="31" ordinal="0" offset="44" sl="20" path="0" offsetend="46" fileid="3" />
                <BranchPoint vc="58" uspid="32" ordinal="1" offset="44" sl="20" path="1" offsetend="68" fileid="3" />
              </BranchPoints>
              <MethodPoint xsi:type="SequencePoint" vc="60" uspid="22" ordinal="0" offset="0" sl="32" sc="37" el="32" ec="62" bec="0" bev="0" fileid="3" />
            </Method>
            <Method visited="true" cyclomaticComplexity="1" nPathComplexity="0" sequenceCoverage="100" branchCoverage="100" isConstructor="false" isStatic="false" isGetter="false" isSetter="false">
              <Summary numSequencePoints="4" visitedSequencePoints="4" numBranchPoints="1" visitedBranchPoints="1" sequenceCoverage="100" branchCoverage="100" maxCyclomaticComplexity="1" minCyclomaticComplexity="1" visitedClasses="0" numClasses="0" visitedMethods="1" numMethods="1" />
              <MetadataToken>100663305</MetadataToken>
              <Name>System.Void Puzzle.Core.Multitenancy.TenantContext`1::Dispose()</Name>
              <FileRef uid="3" />
              <SequencePoints>
                <SequencePoint vc="70" uspid="33" ordinal="0" offset="0" sl="48" sc="9" el="48" ec="10" bec="0" bev="0" fileid="3" />
                <SequencePoint vc="70" uspid="34" ordinal="1" offset="1" sl="49" sc="13" el="49" ec="27" bec="0" bev="0" fileid="3" />
[...]
      <ModuleTime>2018-02-16T07:03:58Z</ModuleTime>
      <ModuleName>System.Globalization.Extensions</ModuleName>
      <Classes />
    </Module>
    <Module skippedDueTo="Filter" hash="CB-3F-96-05-83-7A-4E-AA-64-BD-A3-17-83-66-E1-80-CE-6F-91-A0">
      <ModulePath>C:\Program Files\dotnet\shared\Microsoft.NETCore.App\2.1.0-preview1-26216-03\System.IO.Compression.Brotli.dll</ModulePath>
      <ModuleTime>2018-02-16T07:03:58Z</ModuleTime>
      <ModuleName>System.IO.Compression.Brotli</ModuleName>
      <Classes />
    </Module>
    <Module skippedDueTo="Filter" hash="40-5A-83-3A-02-E0-9F-FA-72-CB-A4-32-84-D6-6A-F5-25-91-0C-76">
      <ModulePath>C:\Program Files\dotnet\shared\Microsoft.NETCore.App\2.1.0-preview1-26216-03\System.IO.Compression.FileSystem.dll</ModulePath>
      <ModuleTime>2018-02-16T07:03:58Z</ModuleTime>
      <ModuleName>System.IO.Compression.FileSystem</ModuleName>
      <Classes />
    </Module>
    <Module skippedDueTo="Filter" hash="DB-68-38-DF-88-22-16-51-65-BD-5E-AC-F6-3F-27-95-2C-A2-A3-D3">
      <ModulePath>C:\Program Files\dotnet\shared\Microsoft.NETCore.App\2.1.0-preview1-26216-03\System.IO.Compression.ZipFile.dll</ModulePath>
      <ModuleTime>2018-02-16T07:03:58Z</ModuleTime>
      <ModuleName>System.IO.Compression.ZipFile</ModuleName>
      <Classes />
    </Module>
    <Module skippedDueTo="Filter" hash="E9-88-A6-45-90-C3-7B-12-9C-1A-DB-8C-7F-3F-F8-59-93-C4-FA-23">
      <ModulePath>C:\Program Files\dotnet\shared\Microsoft.NETCore.App\2.1.0-preview1-26216-03\System.IO.FileSystem.AccessControl.dll</ModulePath>
      <ModuleTime>2018-02-16T07:03:58Z</ModuleTime>
      <ModuleName>System.IO.FileSystem.AccessControl</ModuleName>
      <Classes />
    </Module>
    <Module skippedDueTo="Filter" hash="20-78-5F-80-38-39-34-FA-14-D2-B9-00-98-D2-8E-4C-DC-70-47-21">
      <ModulePath>C:\Program Files\dotnet\shared\Microsoft.NETCore.App\2.1.0-preview1-26216-03\System.IO.FileSystem.DriveInfo.dll</ModulePath>
      <ModuleTime>2018-02-16T07:03:58Z</ModuleTime>
      <ModuleName>System.IO.FileSystem.DriveInfo</ModuleName>
      <Classes />
    </Module>
    <Module skippedDueTo="Filter" hash="3C-33-2A-93-CE-21-FB-5B-A6-0B-C5-F8-9D-D8-08-BA-D9-8A-ED-5E">
      <ModulePath>C:\Program Files\dotnet\shared\Microsoft.NETCore.App\2.1.0-preview1-26216-03\System.IO.FileSystem.Watcher.dll</ModulePath>
      <ModuleTime>2018-02-16T07:03:58Z</ModuleTime>
      <ModuleName>System.IO.FileSystem.Watcher</ModuleName>
      <Classes />
    </Module>
    <Module skippedDueTo="Filter" hash="B3-DC-66-0A-7C-DE-72-57-7B-44-CE-CC-53-BB-50-DF-79-8F-10-57">
      <ModulePath>C:\Program Files\dotnet\shared\Microsoft.NETCore.App\2.1.0-preview1-26216-03\System.IO.IsolatedStorage.dll</ModulePath>
      <ModuleTime>2018-02-16T07:03:58Z</ModuleTime>
      <ModuleName>System.IO.IsolatedStorage</ModuleName>
      <Classes />
    </Module>
    <Module skippedDueTo="Filter" hash="5B-61-C8-6C-B7-33-B4-0E-B8-B1-4D-ED-6F-1C-8F-16-33-EA-39-DD">
      <ModulePath>C:\Program Files\dotnet\shared\Microsoft.NETCore.App\2.1.0-preview1-26216-03\System.IO.UnmanagedMemoryStream.dll</ModulePath>
      <ModuleTime>2018-02-16T07:03:58Z</ModuleTime>
      <ModuleName>System.IO.UnmanagedMemoryStream</ModuleName>
      <Classes />
    </Module>
    <Module skippedDueTo="Filter" hash="55-BA-AF-A7-07-2D-48-62-91-5C-B3-46-43-D0-9A-3A-11-56-39-AA">
      <ModulePath>C:\Program Files\dotnet\shared\Microsoft.NETCore.App\2.1.0-preview1-26216-03\System.Linq.Parallel.dll</ModulePath>
      <ModuleTime>2018-02-16T07:04:00Z</ModuleTime>
      <ModuleName>System.Linq.Parallel</ModuleName>
      <Classes />
    </Module>
    <Module skippedDueTo="Filter" hash="E2-24-A6-AE-71-86-8B-94-1F-50-C8-43-D9-76-96-AD-F2-A4-6A-D4">
      <ModulePath>C:\Program Files\dotnet\shared\Microsoft.NETCore.App\2.1.0-preview1-26216-03\System.Linq.Queryable.dll</ModulePath>
      <ModuleTime>2018-02-16T07:04:00Z</ModuleTime>
      <ModuleName>System.Linq.Queryable</ModuleName>
      <Classes />
    </Module>
    <Module skippedDueTo="Filter" hash="3E-C0-1B-7B-5D-6B-EB-EA-D8-7E-81-2E-A9-74-BA-C0-CA-B5-A1-4F">
      <ModulePath>C:\Program Files\dotnet\shared\Microsoft.NETCore.App\2.1.0-preview1-26216-03\System.Net.Security.dll</ModulePath>
      <ModuleTime>2018-02-16T07:04:00Z</ModuleTime>
      <ModuleName>System.Net.Security</ModuleName>
      <Classes />
    </Module>
    <Module skippedDueTo="Filter" hash="23-54-A0-A8-24-97-54-E6-97-79-3F-3B-6C-2B-D0-7A-F3-DF-FE-47">
      <ModulePath>C:\Program Files\dotnet\shared\Microsoft.NETCore.App\2.1.0-preview1-26216-03\System.Net.HttpListener.dll</ModulePath>
      <ModuleTime>2018-02-16T07:04:00Z</ModuleTime>
      <ModuleName>System.Net.HttpListener</ModuleName>
      <Classes />
    </Module>
    <Module skippedDueTo="Filter" hash="42-FA-BF-6D-95-23-53-BB-0F-37-FA-9C-9C-4A-9F-29-95-42-BF-F8">
      <ModulePath>C:\Program Files\dotnet\shared\Microsoft.NETCore.App\2.1.0-preview1-26216-03\System.Net.Mail.dll</ModulePath>
      <ModuleTime>2018-02-16T07:04:00Z</ModuleTime>
      <ModuleName>System.Net.Mail</ModuleName>
      <Classes />
    </Module>
    <Module skippedDueTo="Filter" hash="42-90-7A-40-49-57-72-FC-18-D6-9B-3A-8B-A6-A1-A9-13-47-9E-54">
      <ModulePath>C:\Program Files\dotnet\shared\Microsoft.NETCore.App\2.1.0-preview1-26216-03\System.Net.NetworkInformation.dll</ModulePath>
      <ModuleTime>2018-02-16T07:04:00Z</ModuleTime>
      <ModuleName>System.Net.NetworkInformation</ModuleName>
      <Classes />
    </Module>
    <Module skippedDueTo="Filter" hash="C3-A0-3E-24-29-BA-98-DA-29-83-A3-7D-CA-3C-A8-05-91-D0-C5-5E">
      <ModulePath>C:\Program Files\dotnet\shared\Microsoft.NETCore.App\2.1.0-preview1-26216-03\System.Net.Ping.dll</ModulePath>
      <ModuleTime>2018-02-16T07:04:00Z</ModuleTime>
      <ModuleName>System.Net.Ping</ModuleName>
      <Classes />
    </Module>
    <Module skippedDueTo="Filter" hash="49-0D-79-5F-9C-8A-40-07-50-0B-3C-83-E2-D3-EB-D2-22-CA-7E-75">
      <ModulePath>C:\Program Files\dotnet\shared\Microsoft.NETCore.App\2.1.0-preview1-26216-03\System.Net.Requests.dll</ModulePath>
      <ModuleTime>2018-02-16T07:04:00Z</ModuleTime>
      <ModuleName>System.Net.Requests</ModuleName>
      <Classes />
    </Module>
    <Module skippedDueTo="Filter" hash="3E-C8-21-E5-61-16-47-C9-37-4D-17-0E-73-DD-49-C3-39-7B-24-DE">
      <ModulePath>C:\Program Files\dotnet\shared\Microsoft.NETCore.App\2.1.0-preview1-26216-03\System.Net.ServicePoint.dll</ModulePath>
      <ModuleTime>2018-02-16T07:04:00Z</ModuleTime>
      <ModuleName>System.Net.ServicePoint</ModuleName>
      <Classes />
    </Module>
    <Module skippedDueTo="Filter" hash="9B-6A-76-02-DA-52-04-90-76-5D-B8-42-1C-85-46-92-A9-2A-8D-EB">
      <ModulePath>C:\Program Files\dotnet\shared\Microsoft.NETCore.App\2.1.0-preview1-26216-03\System.Net.WebClient.dll</ModulePath>
      <ModuleTime>2018-02-16T07:04:00Z</ModuleTime>
      <ModuleName>System.Net.WebClient</ModuleName>
      <Classes />
    </Module>
    <Module skippedDueTo="Filter" hash="4A-34-26-7D-21-8A-65-28-12-AA-35-F9-86-3F-AC-FB-9E-F8-FB-51">
      <ModulePath>C:\Program Files\dotnet\shared\Microsoft.NETCore.App\2.1.0-preview1-26216-03\System.Net.WebHeaderCollection.dll</ModulePath>
      <ModuleTime>2018-02-16T07:04:00Z</ModuleTime>
      <ModuleName>System.Net.WebHeaderCollection</ModuleName>
      <Classes />
    </Module>
    <Module skippedDueTo="Filter" hash="D6-49-E0-20-BE-43-31-EA-96-ED-AF-9A-9B-43-5D-5D-13-54-98-86">
      <ModulePath>C:\Program Files\dotnet\shared\Microsoft.NETCore.App\2.1.0-preview1-26216-03\System.Net.WebProxy.dll</ModulePath>
      <ModuleTime>2018-02-16T07:04:00Z</ModuleTime>
      <ModuleName>System.Net.WebProxy</ModuleName>
      <Classes />
    </Module>
    <Module skippedDueTo="Filter" hash="F4-A4-4A-D1-C4-B7-82-BB-9A-81-6B-1E-D6-D7-1F-FD-58-80-3B-7F">
      <ModulePath>C:\Program Files\dotnet\shared\Microsoft.NETCore.App\2.1.0-preview1-26216-03\System.Net.WebSockets.Client.dll</ModulePath>
      <ModuleTime>2018-02-16T07:04:00Z</ModuleTime>
      <ModuleName>System.Net.WebSockets.Client</ModuleName>
      <Classes />
    </Module>
    <Module skippedDueTo="Filter" hash="56-16-0E-51-42-26-BD-EE-F1-DA-51-50-B1-7E-AA-6E-C3-E9-7E-13">
      <ModulePath>C:\Program Files\dotnet\shared\Microsoft.NETCore.App\2.1.0-preview1-26216-03\System.Net.dll</ModulePath>
      <ModuleTime>2018-02-16T07:04:00Z</ModuleTime>
      <ModuleName>System.Net</ModuleName>
      <Classes />
    </Module>
    <Module skippedDueTo="Filter" hash="8F-DA-55-74-E6-D5-87-A3-31-EB-AC-FF-2C-6E-B4-EC-FE-BA-8E-0C">
      <ModulePath>C:\Program Files\dotnet\shared\Microsoft.NETCore.App\2.1.0-preview1-26216-03\System.Numerics.Vectors.dll</ModulePath>
      <ModuleTime>2018-02-16T07:04:00Z</ModuleTime>
      <ModuleName>System.Numerics.Vectors</ModuleName>
      <Classes />
    </Module>
    <Module skippedDueTo="Filter" hash="B7-A2-18-CB-C2-A2-B6-40-36-06-F0-DB-3B-12-E0-02-28-E3-48-22">
      <ModulePath>C:\Program Files\dotnet\shared\Microsoft.NETCore.App\2.1.0-preview1-26216-03\System.Numerics.dll</ModulePath>
      <ModuleTime>2018-02-16T07:04:00Z</ModuleTime>
      <ModuleName>System.Numerics</ModuleName>
      <Classes />
    </Module>
    <Module skippedDueTo="Filter" hash="82-8C-AE-5D-D2-AC-32-DC-DD-72-D4-D3-AD-EB-7C-DA-4A-82-D3-23">
      <ModulePath>C:\Program Files\dotnet\shared\Microsoft.NETCore.App\2.1.0-preview1-26216-03\System.Reflection.DispatchProxy.dll</ModulePath>
      <ModuleTime>2018-02-16T07:04:02Z</ModuleTime>
      <ModuleName>System.Reflection.DispatchProxy</ModuleName>
      <Classes />
    </Module>
    <Module skippedDueTo="Filter" hash="B9-4A-1C-43-DD-95-F5-2A-34-DD-F0-A4-53-5E-05-64-83-30-5D-3F">
      <ModulePath>C:\Program Files\dotnet\shared\Microsoft.NETCore.App\2.1.0-preview1-26216-03\System.Reflection.Emit.dll</ModulePath>
      <ModuleTime>2018-02-16T07:04:02Z</ModuleTime>
      <ModuleName>System.Reflection.Emit</ModuleName>
      <Classes />
    </Module>
    <Module skippedDueTo="Filter" hash="32-8D-D2-D6-DA-3C-89-41-6B-B1-5C-F0-C7-AA-75-19-49-D3-5A-F8">
      <ModulePath>C:\Program Files\dotnet\shared\Microsoft.NETCore.App\2.1.0-preview1-26216-03\System.Resources.Reader.dll</ModulePath>
      <ModuleTime>2018-02-16T07:04:02Z</ModuleTime>
      <ModuleName>System.Resources.Reader</ModuleName>
      <Classes />
    </Module>
    <Module skippedDueTo="Filter" hash="0C-48-94-53-72-9D-2F-13-E1-A2-BD-90-FF-3E-9E-64-F2-55-AE-D2">
      <ModulePath>C:\Program Files\dotnet\shared\Microsoft.NETCore.App\2.1.0-preview1-26216-03\System.Resources.Writer.dll</ModulePath>
      <ModuleTime>2018-02-16T07:04:02Z</ModuleTime>
      <ModuleName>System.Resources.Writer</ModuleName>
      <Classes />
    </Module>
    <Module skippedDueTo="Filter" hash="65-CB-DF-FA-70-4E-A0-45-3A-97-DC-6F-0D-E7-11-54-84-96-43-06">
      <ModulePath>C:\Program Files\dotnet\shared\Microsoft.NETCore.App\2.1.0-preview1-26216-03\System.Runtime.CompilerServices.VisualC.dll</ModulePath>
      <ModuleTime>2018-02-16T07:04:02Z</ModuleTime>
      <ModuleName>System.Runtime.CompilerServices.VisualC</ModuleName>
      <Classes />
    </Module>
    <Module skippedDueTo="Filter" hash="BD-39-56-43-79-5E-05-33-C6-CA-1A-40-45-B9-E5-42-26-EE-92-AA">
      <ModulePath>C:\Program Files\dotnet\shared\Microsoft.NETCore.App\2.1.0-preview1-26216-03\System.Runtime.InteropServices.WindowsRuntime.dll</ModulePath>
      <ModuleTime>2018-02-16T07:04:02Z</ModuleTime>
      <ModuleName>System.Runtime.InteropServices.WindowsRuntime</ModuleName>
      <Classes />
    </Module>
    <Module skippedDueTo="Filter" hash="05-CF-80-AD-28-A9-AF-8E-96-4B-B6-12-2F-4B-6B-2A-CB-FB-79-2C">
      <ModulePath>C:\Program Files\dotnet\shared\Microsoft.NETCore.App\2.1.0-preview1-26216-03\System.Runtime.Intrinsics.dll</ModulePath>
      <ModuleTime>2018-02-16T07:04:02Z</ModuleTime>
      <ModuleName>System.Runtime.Intrinsics</ModuleName>
      <Classes />
    </Module>
    <Module skippedDueTo="Filter" hash="74-57-50-7B-B1-12-A4-FF-12-42-FF-DC-05-3C-D4-42-51-8C-65-03">
      <ModulePath>C:\Program Files\dotnet\shared\Microsoft.NETCore.App\2.1.0-preview1-26216-03\System.Runtime.Serialization.Json.dll</ModulePath>
      <ModuleTime>2018-02-16T07:04:02Z</ModuleTime>
      <ModuleName>System.Runtime.Serialization.Json</ModuleName>
      <Classes />
    </Module>
    <Module skippedDueTo="Filter" hash="87-36-E9-C1-5C-BB-54-3E-30-21-86-F2-B1-94-B6-3D-FE-78-AB-0A">
      <ModulePath>C:\Program Files\dotnet\shared\Microsoft.NETCore.App\2.1.0-preview1-26216-03\System.Runtime.Serialization.dll</ModulePath>
      <ModuleTime>2018-02-16T07:04:02Z</ModuleTime>
      <ModuleName>System.Runtime.Serialization</ModuleName>
      <Classes />
    </Module>
    <Module skippedDueTo="Filter" hash="D3-A2-CF-1F-20-D9-EA-4E-A9-56-84-30-80-8A-C3-1B-B6-7D-97-9A">
      <ModulePath>C:\Program Files\dotnet\shared\Microsoft.NETCore.App\2.1.0-preview1-26216-03\System.Security.Cryptography.Encoding.dll</ModulePath>
      <ModuleTime>2018-02-16T07:04:02Z</ModuleTime>
      <ModuleName>System.Security.Cryptography.Encoding</ModuleName>
      <Classes />
    </Module>
    <Module skippedDueTo="Filter" hash="EF-E2-24-55-6B-EF-29-96-D2-4E-A8-4B-89-0D-41-01-66-02-18-12">
      <ModulePath>C:\Program Files\dotnet\shared\Microsoft.NETCore.App\2.1.0-preview1-26216-03\System.Security.Cryptography.Cng.dll</ModulePath>
      <ModuleTime>2018-02-16T07:04:02Z</ModuleTime>
      <ModuleName>System.Security.Cryptography.Cng</ModuleName>
      <Classes />
    </Module>
    <Module skippedDueTo="Filter" hash="51-C7-0E-0A-CF-CF-A0-D2-2C-32-12-D5-AD-F9-CB-CA-72-C2-83-06">
      <ModulePath>C:\Program Files\dotnet\shared\Microsoft.NETCore.App\2.1.0-preview1-26216-03\System.Security.Cryptography.Csp.dll</ModulePath>
      <ModuleTime>2018-02-16T07:04:02Z</ModuleTime>
      <ModuleName>System.Security.Cryptography.Csp</ModuleName>
      <Classes />
    </Module>
    <Module skippedDueTo="Filter" hash="55-8F-D4-6D-0D-D8-C2-3D-D1-A2-27-66-CE-A0-87-C3-1A-E5-23-6D">
      <ModulePath>C:\Program Files\dotnet\shared\Microsoft.NETCore.App\2.1.0-preview1-26216-03\System.Security.Cryptography.OpenSsl.dll</ModulePath>
      <ModuleTime>2018-02-16T07:04:02Z</ModuleTime>
      <ModuleName>System.Security.Cryptography.OpenSsl</ModuleName>
      <Classes />
    </Module>
    <Module skippedDueTo="Filter" hash="F6-F3-A9-5F-05-E7-4A-DF-DE-99-45-04-85-F1-15-66-D9-4D-6D-8D">
      <ModulePath>C:\Program Files\dotnet\shared\Microsoft.NETCore.App\2.1.0-preview1-26216-03\System.Security.SecureString.dll</ModulePath>
      <ModuleTime>2018-02-16T07:04:02Z</ModuleTime>
      <ModuleName>System.Security.SecureString</ModuleName>
      <Classes />
    </Module>
    <Module skippedDueTo="Filter" hash="78-BE-1E-A7-41-AF-E7-6F-5E-CA-B8-A8-34-2B-E8-BF-DC-74-AE-F2">
      <ModulePath>C:\Program Files\dotnet\shared\Microsoft.NETCore.App\2.1.0-preview1-26216-03\System.Security.dll</ModulePath>
      <ModuleTime>2018-02-16T07:04:02Z</ModuleTime>
      <ModuleName>System.Security</ModuleName>
      <Classes />
    </Module>
    <Module skippedDueTo="Filter" hash="52-92-52-33-BE-28-26-75-90-BF-3D-55-32-59-35-C4-BD-04-73-63">
      <ModulePath>C:\Program Files\dotnet\shared\Microsoft.NETCore.App\2.1.0-preview1-26216-03\System.ServiceModel.Web.dll</ModulePath>
      <ModuleTime>2018-02-16T07:04:02Z</ModuleTime>
      <ModuleName>System.ServiceModel.Web</ModuleName>
      <Classes />
    </Module>
    <Module skippedDueTo="Filter" hash="3B-D5-6A-B9-6C-E7-3F-F0-EE-31-76-63-31-6F-8A-5E-85-1A-0F-FD">
      <ModulePath>C:\Program Files\dotnet\shared\Microsoft.NETCore.App\2.1.0-preview1-26216-03\System.ServiceProcess.dll</ModulePath>
      <ModuleTime>2018-02-16T07:04:02Z</ModuleTime>
      <ModuleName>System.ServiceProcess</ModuleName>
      <Classes />
    </Module>
    <Module skippedDueTo="Filter" hash="75-96-9C-E1-54-B1-01-F5-74-CC-59-8D-89-72-04-4C-8D-33-9D-BD">
      <ModulePath>C:\Program Files\dotnet\shared\Microsoft.NETCore.App\2.1.0-preview1-26216-03\System.Transactions.dll</ModulePath>
      <ModuleTime>2018-02-16T07:04:04Z</ModuleTime>
      <ModuleName>System.Transactions</ModuleName>
      <Classes />
    </Module>
    <Module skippedDueTo="Filter" hash="56-56-6A-C2-D4-30-C1-EE-D5-F1-8E-5A-BF-72-37-20-51-E0-F5-9F">
      <ModulePath>C:\Program Files\dotnet\shared\Microsoft.NETCore.App\2.1.0-preview1-26216-03\System.Web.HttpUtility.dll</ModulePath>
      <ModuleTime>2018-02-16T07:04:04Z</ModuleTime>
      <ModuleName>System.Web.HttpUtility</ModuleName>
      <Classes />
    </Module>
    <Module skippedDueTo="Filter" hash="A7-66-AF-C0-35-49-B8-B4-67-F0-52-99-8A-9E-C7-F7-F2-1F-A4-99">
      <ModulePath>C:\Program Files\dotnet\shared\Microsoft.NETCore.App\2.1.0-preview1-26216-03\System.Web.dll</ModulePath>
      <ModuleTime>2018-02-16T07:04:04Z</ModuleTime>
      <ModuleName>System.Web</ModuleName>
      <Classes />
    </Module>
    <Module skippedDueTo="Filter" hash="12-DF-D1-88-FC-E1-EE-BC-73-63-36-DD-28-B3-BC-FD-42-47-90-0A">
      <ModulePath>C:\Program Files\dotnet\shared\Microsoft.NETCore.App\2.1.0-preview1-26216-03\System.Windows.dll</ModulePath>
      <ModuleTime>2018-02-16T07:04:04Z</ModuleTime>
      <ModuleName>System.Windows</ModuleName>
      <Classes />
    </Module>
    <Module skippedDueTo="Filter" hash="B2-05-B7-8C-CE-20-EC-E4-2C-87-EF-A2-52-45-FF-9F-28-31-B1-04">
      <ModulePath>C:\Program Files\dotnet\shared\Microsoft.NETCore.App\2.1.0-preview1-26216-03\System.Xml.Linq.dll</ModulePath>
      <ModuleTime>2018-02-16T07:04:04Z</ModuleTime>
      <ModuleName>System.Xml.Linq</ModuleName>
      <Classes />
    </Module>
    <Module skippedDueTo="Filter" hash="26-9F-B4-0A-36-DC-9B-3B-F5-AE-D0-13-F3-B6-77-18-03-DD-7B-04">
      <ModulePath>C:\Program Files\dotnet\shared\Microsoft.NETCore.App\2.1.0-preview1-26216-03\System.Xml.Serialization.dll</ModulePath>
      <ModuleTime>2018-02-16T07:04:04Z</ModuleTime>
      <ModuleName>System.Xml.Serialization</ModuleName>
      <Classes />
    </Module>
    <Module skippedDueTo="Filter" hash="FC-B2-B6-D2-5E-10-2A-F1-72-B1-D7-DB-2B-D2-C1-76-76-7C-07-BA">
      <ModulePath>C:\Program Files\dotnet\shared\Microsoft.NETCore.App\2.1.0-preview1-26216-03\System.Xml.XPath.XDocument.dll</ModulePath>
      <ModuleTime>2018-02-16T07:04:04Z</ModuleTime>
      <ModuleName>System.Xml.XPath.XDocument</ModuleName>
      <Classes />
    </Module>
    <Module skippedDueTo="Filter" hash="4C-22-F2-A0-7E-A1-50-54-00-75-EA-DB-76-A0-A6-D8-4A-38-C1-A0">
      <ModulePath>C:\Program Files\dotnet\shared\Microsoft.NETCore.App\2.1.0-preview1-26216-03\System.Xml.XmlSerializer.dll</ModulePath>
      <ModuleTime>2018-02-16T07:04:04Z</ModuleTime>
      <ModuleName>System.Xml.XmlSerializer</ModuleName>
      <Classes />
    </Module>
    <Module skippedDueTo="Filter" hash="FE-2E-84-27-4D-31-08-EE-0C-65-18-7C-7E-03-DF-13-AF-14-19-09">
      <ModulePath>C:\Program Files\dotnet\shared\Microsoft.NETCore.App\2.1.0-preview1-26216-03\System.dll</ModulePath>
      <ModuleTime>2018-02-16T07:04:04Z</ModuleTime>
      <ModuleName>System</ModuleName>
      <Classes />
    </Module>
    <Module skippedDueTo="MissingPdb" hash="DB-1C-D2-37-F2-81-74-9D-A8-8A-9B-37-80-F5-B2-A1-06-AF-6B-52">
      <ModulePath>C:\Program Files\dotnet\shared\Microsoft.NETCore.App\2.1.0-preview1-26216-03\WindowsBase.dll</ModulePath>
      <ModuleTime>2018-02-16T07:04:04Z</ModuleTime>
      <ModuleName>WindowsBase</ModuleName>
      <Classes />
    </Module>
    <Module skippedDueTo="Filter" hash="6F-08-22-57-F4-B0-60-DB-BB-40-C7-8B-E4-D0-95-74-3F-5E-5C-41">
      <ModulePath>H:\PersonalProjects\UnobtrusiveMultitenancy\test\PuzzleCMS.UnitsTests\bin\DEBUG\netcoreapp2.1\xunit.runner.reporters.netcoreapp10.dll</ModulePath>
      <ModuleTime>2017-10-27T03:35:08Z</ModuleTime>
      <ModuleName>xunit.runner.reporters.netcoreapp10</ModuleName>
      <Classes />
    </Module>
  </Modules>
</CoverageSession>